This is XeTeX, Version 3.141592653-2.6-0.999993 (TeX Live 2021/W32TeX) (preloaded format=xelatex 2021.10.29)  31 OCT 2021 16:18
entering extended mode
 restricted \write18 enabled.
 %&-line parsing enabled.
**MyBook.tex
(./MyBook.tex
LaTeX2e <2021-06-01> patch level 1
L3 programming layer <2021-10-18>
(c:/Users/marion.boisseaux/AppData/Roaming/TinyTeX/texmf-dist/tex/latex/memoir/
memoir.cls
Document Class: memoir 2021/06/16 v3.7p configurable book, report, article docu
ment class
\onelineskip=\skip47
\lxvchars=\skip48
\xlvchars=\skip49
\@memcnta=\count178
\c@@memmarkcntra=\count179

(c:/Users/marion.boisseaux/AppData/Roaming/TinyTeX/texmf-dist/tex/generic/iftex
/iftex.sty
Package: iftex 2020/03/06 v1.0d TeX engine tests
)
\stockheight=\skip50
\stockwidth=\skip51
\trimtop=\skip52
\trimedge=\skip53
LaTeX Font Info:    Trying to load font information for T1+lmr on input line 70
6.

(c:/Users/marion.boisseaux/AppData/Roaming/TinyTeX/texmf-dist/tex/latex/lm/t1lm
r.fd
File: t1lmr.fd 2015/05/01 v1.6.1 Font defs for Latin Modern
)
(c:/Users/marion.boisseaux/AppData/Roaming/TinyTeX/texmf-dist/tex/latex/memoir/
mem12.clo
File: mem12.clo 2010/10/19 v0.4b memoir class 12pt size option
)
(c:/Users/marion.boisseaux/AppData/Roaming/TinyTeX/texmf-dist/tex/latex/lm/lmod
ern.sty
Package: lmodern 2015/05/01 v1.6.1 Latin Modern Fonts
LaTeX Font Info:    Overwriting symbol font `operators' in version `normal'
(Font)                  OT1/cmr/m/n --> OT1/lmr/m/n on input line 22.
LaTeX Font Info:    Overwriting symbol font `letters' in version `normal'
(Font)                  OML/cmm/m/it --> OML/lmm/m/it on input line 23.
LaTeX Font Info:    Overwriting symbol font `symbols' in version `normal'
(Font)                  OMS/cmsy/m/n --> OMS/lmsy/m/n on input line 24.
LaTeX Font Info:    Overwriting symbol font `largesymbols' in version `normal'
(Font)                  OMX/cmex/m/n --> OMX/lmex/m/n on input line 25.
LaTeX Font Info:    Overwriting symbol font `operators' in version `bold'
(Font)                  OT1/cmr/bx/n --> OT1/lmr/bx/n on input line 26.
LaTeX Font Info:    Overwriting symbol font `letters' in version `bold'
(Font)                  OML/cmm/b/it --> OML/lmm/b/it on input line 27.
LaTeX Font Info:    Overwriting symbol font `symbols' in version `bold'
(Font)                  OMS/cmsy/b/n --> OMS/lmsy/b/n on input line 28.
LaTeX Font Info:    Overwriting symbol font `largesymbols' in version `bold'
(Font)                  OMX/cmex/m/n --> OMX/lmex/m/n on input line 29.
LaTeX Font Info:    Overwriting math alphabet `\mathbf' in version `normal'
(Font)                  OT1/cmr/bx/n --> OT1/lmr/bx/n on input line 31.
LaTeX Font Info:    Overwriting math alphabet `\mathsf' in version `normal'
(Font)                  OT1/cmss/m/n --> OT1/lmss/m/n on input line 32.
LaTeX Font Info:    Overwriting math alphabet `\mathit' in version `normal'
(Font)                  OT1/cmr/m/it --> OT1/lmr/m/it on input line 33.
LaTeX Font Info:    Overwriting math alphabet `\mathtt' in version `normal'
(Font)                  OT1/cmtt/m/n --> OT1/lmtt/m/n on input line 34.
LaTeX Font Info:    Overwriting math alphabet `\mathbf' in version `bold'
(Font)                  OT1/cmr/bx/n --> OT1/lmr/bx/n on input line 35.
LaTeX Font Info:    Overwriting math alphabet `\mathsf' in version `bold'
(Font)                  OT1/cmss/bx/n --> OT1/lmss/bx/n on input line 36.
LaTeX Font Info:    Overwriting math alphabet `\mathit' in version `bold'
(Font)                  OT1/cmr/bx/it --> OT1/lmr/bx/it on input line 37.
LaTeX Font Info:    Overwriting math alphabet `\mathtt' in version `bold'
(Font)                  OT1/cmtt/m/n --> OT1/lmtt/m/n on input line 38.
)
(c:/Users/marion.boisseaux/AppData/Roaming/TinyTeX/texmf-dist/tex/latex/base/fo
ntenc.sty
Package: fontenc 2021/04/29 v2.0v Standard LaTeX package
)
\binding=\skip54
\spinemargin=\skip55
\foremargin=\skip56
\uppermargin=\skip57
\lowermargin=\skip58
\headdrop=\skip59
\normalrulethickness=\skip60
\mem@maxheadheight=\skip61
\mem@maxfootheight=\skip62
\headwidth=\skip63
\c@storedpagenumber=\count180
\memPD=\dimen138
\m@mabparskip=\skip64
\thanksmarkwidth=\skip65
\thanksmarksep=\skip66
\droptitle=\skip67
\c@book=\count181
\c@part=\count182
\c@chapter=\count183
\c@section=\count184
\c@subsection=\count185
\c@subsubsection=\count186
\c@paragraph=\count187
\c@subparagraph=\count188
\beforechapskip=\skip68
\midchapskip=\skip69
\afterchapskip=\skip70
\chapindent=\skip71
\bottomsectionskip=\skip72
\secindent=\skip73
\beforesecskip=\skip74
\aftersecskip=\skip75
\subsecindent=\skip76
\beforesubsecskip=\skip77
\aftersubsecskip=\skip78
\subsubsecindent=\skip79
\beforesubsubsecskip=\skip80
\aftersubsubsecskip=\skip81
\paraindent=\skip82
\beforeparaskip=\skip83
\afterparaskip=\skip84
\subparaindent=\skip85
\beforesubparaskip=\skip86
\aftersubparaskip=\skip87
\pfbreakskip=\skip88
\c@@ppsavesec=\count189
\c@@ppsaveapp=\count190
\ragrparindent=\dimen139
\everylistparindent=\dimen140
\parsepi=\skip89
\topsepi=\skip90
\itemsepi=\skip91
\parsepii=\skip92
\topsepii=\skip93
\topsepiii=\skip94
\itemsepii=\skip95
\itemsepiii=\skip96
\partopsepii=\skip97
\partopsepiii=\skip98
\m@msavetopsep=\skip99
\m@msavepartopsep=\skip100
\@enLab=\toks16
\abstitleskip=\skip101
\absleftindent=\skip102
\abs@leftindent=\dimen141
\absrightindent=\skip103
\absparindent=\skip104
\absparsep=\skip105
\c@vslineno=\count191
\c@poemline=\count192
\c@modulo@vs=\count193
\c@memfvsline=\count194
\vleftskip=\skip106
\vrightskip=\skip107
\stanzaskip=\skip108
\versewidth=\skip109
\vgap=\skip110
\vindent=\skip111
\vleftmargin=\dimen142
\c@verse=\count195
\c@chrsinstr=\count196
\beforepoemtitleskip=\skip112
\afterpoemtitleskip=\skip113
\c@poem=\count197
\beforePoemTitleskip=\skip114
\midPoemTitleskip=\skip115
\afterPoemTitleskip=\skip116

(c:/Users/marion.boisseaux/AppData/Roaming/TinyTeX/texmf-dist/tex/latex/tools/a
rray.sty
Package: array 2021/04/20 v2.5e Tabular extension package (FMi)
\col@sep=\dimen143
\ar@mcellbox=\box50
\extrarowheight=\dimen144
\NC@list=\toks17
\extratabsurround=\skip117
\backup@length=\skip118
\ar@cellbox=\box51
)
(c:/Users/marion.boisseaux/AppData/Roaming/TinyTeX/texmf-dist/tex/latex/tools/d
column.sty
Package: dcolumn 2014/10/28 v1.06 decimal alignment package (DPC)
)
(c:/Users/marion.boisseaux/AppData/Roaming/TinyTeX/texmf-dist/tex/latex/tools/d
elarray.sty
Package: delarray 2014/10/28 v1.01 array delimiter package (DPC)
)
(c:/Users/marion.boisseaux/AppData/Roaming/TinyTeX/texmf-dist/tex/latex/tools/t
abularx.sty
Package: tabularx 2020/01/15 v2.11c `tabularx' package (DPC)
\TX@col@width=\dimen145
\TX@old@table=\dimen146
\TX@old@col=\dimen147
\TX@target=\dimen148
\TX@delta=\dimen149
\TX@cols=\count198
\TX@ftn=\toks18
)
\heavyrulewidth=\dimen150
\lightrulewidth=\dimen151
\cmidrulewidth=\dimen152
\belowrulesep=\dimen153
\belowbottomsep=\dimen154
\aboverulesep=\dimen155
\abovetopsep=\dimen156
\cmidrulesep=\dimen157
\cmidrulekern=\dimen158
\defaultaddspace=\dimen159
\@cmidla=\count199
\@cmidlb=\count266
\@aboverulesep=\dimen160
\@belowrulesep=\dimen161
\@thisruleclass=\count267
\@lastruleclass=\count268
\@thisrulewidth=\dimen162
\ctableftskip=\skip119
\ctabrightskip=\skip120
\abovecolumnspenalty=\count269
\@linestogo=\count270
\@cellstogo=\count271
\@cellsincolumn=\count272
\crtok=\toks19
\@mincolumnwidth=\dimen163
\c@newflo@tctr=\count273
\mem@margin@floatbox=\box52
\@contcwidth=\skip121
\@contindw=\skip122
\abovecaptionskip=\skip123
\belowcaptionskip=\skip124
\subfloattopskip=\skip125
\subfloatcapskip=\skip126
\subfloatcaptopadj=\skip127
\subfloatbottomskip=\skip128
\subfloatlabelskip=\skip129
\subfloatcapmargin=\dimen164
\c@@contsubnum=\count274
\m@mscap@capbox=\box53
\m@mscap@fbox=\box54
\sidecapsep=\dimen165
\sidecapwidth=\dimen166
\m@m@tempdima=\dimen167
\m@mscapraise=\dimen168
\sidecapraise=\dimen169
\m@mscapmainwidth=\dimen170
\m@mscaplkern=\dimen171
\beforeepigraphskip=\skip130
\afterepigraphskip=\skip131
\epigraphwidth=\skip132
\epigraphrule=\skip133
LaTeX Info: Redefining \em on input line 7654.
LaTeX Info: Redefining \emph on input line 7662.
\tocentryskip=\skip134
\tocbaseline=\skip135
\cftparskip=\skip136
\cftbeforebookskip=\skip137
\cftbookindent=\dimen172
\cftbooknumwidth=\dimen173
\cftbeforepartskip=\skip138
\cftpartindent=\skip139
\cftpartnumwidth=\skip140
\cftbeforechapterskip=\skip141
\cftchapterindent=\skip142
\cftchapternumwidth=\skip143
\cftbeforesectionskip=\skip144
\cftsectionindent=\skip145
\cftsectionnumwidth=\skip146
\cftbeforesubsectionskip=\skip147
\cftsubsectionindent=\skip148
\cftsubsectionnumwidth=\skip149
\cftbeforesubsubsectionskip=\skip150
\cftsubsubsectionindent=\skip151
\cftsubsubsectionnumwidth=\skip152
\cftbeforeparagraphskip=\skip153
\cftparagraphindent=\skip154
\cftparagraphnumwidth=\skip155
\cftbeforesubparagraphskip=\skip156
\cftsubparagraphindent=\skip157
\cftsubparagraphnumwidth=\skip158
\prechapterprecisshift=\dimen174
\c@maxsecnumdepth=\count275
\bibindent=\dimen175
\bibitemsep=\skip159
\indexcolsep=\skip160
\indexrule=\skip161
\indexmarkstyle=\toks20
\@indexbox=\insert252
\glossarycolsep=\dimen176
\glossaryrule=\dimen177
\sideparvshift=\skip162
\sideins=\insert251
\sidebartopsep=\skip163
\sidebarhsep=\skip164
\sidebarvsep=\skip165
\sidebarwidth=\skip166
\footmarkwidth=\skip167
\footmarksep=\skip168
\footparindent=\skip169
\footinsdim=\skip170
\footinsv@r=\insert250
\@mpfootinsv@r=\insert249
\m@m@k=\count276
\m@m@h=\dimen178
\m@mipn@skip=\skip171
\sidefootins=\insert248
\sidefootadjust=\skip172
\sidefootheight=\skip173
\sidefoothsep=\skip174
\sidefootvsep=\skip175
\sidefootwidth=\skip176
\m@mdownsf=\skip177
\c@sidefootnote=\count277
\sidefootmarkwidth=\skip178
\sidefootmarksep=\skip179
\sidefootparindent=\skip180
\c@pagenote=\count278
\c@pagenoteshadow=\count279
\mem@pn@lastkern=\skip181
\every@verbatim=\toks21
\afterevery@verbatim=\toks22
\verbatim@line=\toks23
\tab@position=\count280
\verbatim@in@stream=\read2
\verbatimindent=\skip182
\verbatim@out=\write3
\bvboxsep=\skip183
\c@memfbvline=\count281
\c@bvlinectr=\count282
\bvnumlength=\skip184
\fb@frw=\dimen179
\fb@frh=\dimen180
\FrameRule=\dimen181
\FrameSep=\dimen182
\c@cp@cntr=\count283
\c@ism@mctr=\count284
\c@xsm@mctr=\count285
\c@csm@mctr=\count286
\c@ksm@mctr=\count287
\c@xksm@mctr=\count288
\c@cksm@mctr=\count289
\c@msm@mctr=\count290
\c@xmsm@mctr=\count291
\c@cmsm@mctr=\count292
\c@bsm@mctr=\count293
\c@workm@mctr=\count294
\c@sheetsequence=\count295
\c@lastsheet=\count296
\c@lastpage=\count297

Class memoir Warning: Haven't found the textcase package,
(memoir)              resorting to embedded copy of v0.07 (2004/10/07),
(memoir)              consider installing the textcase package on input line 12
989.

\c@figure=\count298
\c@lofdepth=\count299
\cftbeforefigureskip=\skip185
\cftfigureindent=\skip186
\cftfigurenumwidth=\skip187
\c@table=\count300
\c@lotdepth=\count301
\cftbeforetableskip=\skip188
\cfttableindent=\skip189
\cfttablenumwidth=\skip190
Package abstract [2008/07/23] emulated by memoir.
Package appendix [2008/07/23] emulated by memoir.
Package booktabs [2016/05/16] emulated by memoir.
Package ccaption [2008/07/23] emulated by memoir.
Package changepage [2008/07/23] emulated by memoir.
Package chngcntr [2008/07/23] emulated by memoir.
Package chngpage [2008/07/23] emulated by memoir.
Package crop emulated by memoir.
Package enumerate [2008/07/23] emulated by memoir.
Package epigraph [2008/07/23] emulated by memoir.
Package ifmtarg [2008/07/23] emulated by memoir.
Package index [2008/07/23] emulated by memoir.
Package makeidx [2008/07/23] emulated by memoir.
Package moreverb [2008/07/23] emulated by memoir.
Package needspace [2008/07/23] emulated by memoir.
Package newfile [2008/07/23] emulated by memoir.
Package nextpage [2008/07/23] emulated by memoir.
Package pagenote [2008/07/23] emulated by memoir.
Package parskip [2008/07/23] emulated by memoir.
Package patchcmd [2008/07/23] emulated by memoir.
Package setspace [2008/07/23] emulated by memoir.
Package shortvrb [2008/07/23] emulated by memoir.
Package showidx [2008/07/23] emulated by memoir.
Package titleref [2008/07/23] emulated by memoir.
Package titling [2008/07/23] emulated by memoir.
Package tocbibind [2008/07/23] emulated by memoir.
Package tocloft [2008/07/23] emulated by memoir.
Package tocvsec2 [2008/07/23] emulated by memoir.
Package verbatim [2008/07/23] emulated by memoir.
Package verse [2008/07/23] emulated by memoir.
)
(c:/Users/marion.boisseaux/AppData/Roaming/TinyTeX/texmf-dist/tex/latex/amsfont
s/amssymb.sty
Package: amssymb 2013/01/14 v3.01 AMS font symbols

(c:/Users/marion.boisseaux/AppData/Roaming/TinyTeX/texmf-dist/tex/latex/amsfont
s/amsfonts.sty
Package: amsfonts 2013/01/14 v3.01 Basic AMSFonts support
\@emptytoks=\toks24
\symAMSa=\mathgroup4
\symAMSb=\mathgroup5
LaTeX Font Info:    Redeclaring math symbol \hbar on input line 98.
LaTeX Font Info:    Overwriting math alphabet `\mathfrak' in version `bold'
(Font)                  U/euf/m/n --> U/euf/b/n on input line 106.
))
(c:/Users/marion.boisseaux/AppData/Roaming/TinyTeX/texmf-dist/tex/latex/amsmath
/amsmath.sty
Package: amsmath 2021/04/20 v2.17j AMS math features
\@mathmargin=\skip191
For additional information on amsmath, use the `?' option.

(c:/Users/marion.boisseaux/AppData/Roaming/TinyTeX/texmf-dist/tex/latex/amsmath
/amstext.sty
Package: amstext 2000/06/29 v2.01 AMS text

(c:/Users/marion.boisseaux/AppData/Roaming/TinyTeX/texmf-dist/tex/latex/amsmath
/amsgen.sty
File: amsgen.sty 1999/11/30 v2.0 generic functions
\@emptytoks=\toks25
\ex@=\dimen183
))
(c:/Users/marion.boisseaux/AppData/Roaming/TinyTeX/texmf-dist/tex/latex/amsmath
/amsbsy.sty
Package: amsbsy 1999/11/29 v1.2d Bold Symbols
\pmbraise@=\dimen184
)
(c:/Users/marion.boisseaux/AppData/Roaming/TinyTeX/texmf-dist/tex/latex/amsmath
/amsopn.sty
Package: amsopn 2016/03/08 v2.02 operator names
)
\inf@bad=\count302
LaTeX Info: Redefining \frac on input line 234.
\uproot@=\count303
\leftroot@=\count304
LaTeX Info: Redefining \overline on input line 399.
\classnum@=\count305
\DOTSCASE@=\count306
LaTeX Info: Redefining \ldots on input line 496.
LaTeX Info: Redefining \dots on input line 499.
LaTeX Info: Redefining \cdots on input line 620.
\Mathstrutbox@=\box55
\strutbox@=\box56
\big@size=\dimen185
LaTeX Font Info:    Redeclaring font encoding OML on input line 743.
LaTeX Font Info:    Redeclaring font encoding OMS on input line 744.
\macc@depth=\count307
\c@MaxMatrixCols=\count308
\dotsspace@=\muskip16
\c@parentequation=\count309
\dspbrk@lvl=\count310
\tag@help=\toks26
\row@=\count311
\column@=\count312
\maxfields@=\count313
\andhelp@=\toks27
\eqnshift@=\dimen186
\alignsep@=\dimen187
\tagshift@=\dimen188
\tagwidth@=\dimen189
\totwidth@=\dimen190
\lineht@=\dimen191
\@envbody=\toks28
\multlinegap=\skip192
\multlinetaggap=\skip193
\mathdisplay@stack=\toks29
LaTeX Info: Redefining \[ on input line 2923.
LaTeX Info: Redefining \] on input line 2924.
)
(c:/Users/marion.boisseaux/AppData/Roaming/TinyTeX/texmf-dist/tex/latex/unicode
-math/unicode-math.sty
(c:/Users/marion.boisseaux/AppData/Roaming/TinyTeX/texmf-dist/tex/latex/l3kerne
l/expl3.sty
Package: expl3 2021-10-18 L3 programming layer (loader) 

(c:/Users/marion.boisseaux/AppData/Roaming/TinyTeX/texmf-dist/tex/latex/l3backe
nd/l3backend-xetex.def
File: l3backend-xetex.def 2021-10-18 L3 backend support: XeTeX
(|extractbb --version)
\c__kernel_sys_dvipdfmx_version_int=\count314
\l__color_backend_stack_int=\count315
\g__color_backend_stack_int=\count316
\g__graphics_track_int=\count317
\l__pdf_internal_box=\box57
\g__pdf_backend_object_int=\count318
\g__pdf_backend_annotation_int=\count319
\g__pdf_backend_link_int=\count320
))
Package: unicode-math 2020/01/31 v0.8q Unicode maths in XeLaTeX and LuaLaTeX

(c:/Users/marion.boisseaux/AppData/Roaming/TinyTeX/texmf-dist/tex/latex/unicode
-math/unicode-math-xetex.sty
Package: unicode-math-xetex 2020/01/31 v0.8q Unicode maths in XeLaTeX and LuaLa
TeX

(c:/Users/marion.boisseaux/AppData/Roaming/TinyTeX/texmf-dist/tex/latex/l3packa
ges/xparse/xparse.sty
Package: xparse 2021-08-27 L3 Experimental document command parser
)
(c:/Users/marion.boisseaux/AppData/Roaming/TinyTeX/texmf-dist/tex/latex/l3packa
ges/l3keys2e/l3keys2e.sty
Package: l3keys2e 2021-08-27 LaTeX2e option processing using LaTeX3 keys
)
(c:/Users/marion.boisseaux/AppData/Roaming/TinyTeX/texmf-dist/tex/latex/fontspe
c/fontspec.sty
Package: fontspec 2020/02/21 v2.7i Font selection for XeLaTeX and LuaLaTeX

(c:/Users/marion.boisseaux/AppData/Roaming/TinyTeX/texmf-dist/tex/latex/fontspe
c/fontspec-xetex.sty
Package: fontspec-xetex 2020/02/21 v2.7i Font selection for XeLaTeX and LuaLaTe
X
\l__fontspec_script_int=\count321
\l__fontspec_language_int=\count322
\l__fontspec_strnum_int=\count323
\l__fontspec_tmp_int=\count324
\l__fontspec_tmpa_int=\count325
\l__fontspec_tmpb_int=\count326
\l__fontspec_tmpc_int=\count327
\l__fontspec_em_int=\count328
\l__fontspec_emdef_int=\count329
\l__fontspec_strong_int=\count330
\l__fontspec_strongdef_int=\count331
\l__fontspec_tmpa_dim=\dimen192
\l__fontspec_tmpb_dim=\dimen193
\l__fontspec_tmpc_dim=\dimen194

(c:/Users/marion.boisseaux/AppData/Roaming/TinyTeX/texmf-dist/tex/latex/base/fo
ntenc.sty
Package: fontenc 2021/04/29 v2.0v Standard LaTeX package
)
(c:/Users/marion.boisseaux/AppData/Roaming/TinyTeX/texmf-dist/tex/latex/fontspe
c/fontspec.cfg)))
(c:/Users/marion.boisseaux/AppData/Roaming/TinyTeX/texmf-dist/tex/latex/base/fi
x-cm.sty
Package: fix-cm 2020/11/24 v1.1t fixes to LaTeX

(c:/Users/marion.boisseaux/AppData/Roaming/TinyTeX/texmf-dist/tex/latex/base/ts
1enc.def
File: ts1enc.def 2001/06/05 v3.0e (jk/car/fm) Standard LaTeX file
LaTeX Font Info:    Redeclaring font encoding TS1 on input line 47.
))
\g__um_fam_int=\count332
\g__um_fonts_used_int=\count333
\l__um_primecount_int=\count334
\g__um_primekern_muskip=\muskip17

(c:/Users/marion.boisseaux/AppData/Roaming/TinyTeX/texmf-dist/tex/latex/unicode
-math/unicode-math-table.tex)))
(c:/Users/marion.boisseaux/AppData/Roaming/TinyTeX/texmf-dist/tex/latex/upquote
/upquote.sty
Package: upquote 2012/04/19 v1.3 upright-quote and grave-accent glyphs in verba
tim

(c:/Users/marion.boisseaux/AppData/Roaming/TinyTeX/texmf-dist/tex/latex/base/te
xtcomp.sty
Package: textcomp 2020/02/02 v2.0n Standard LaTeX package
))
(c:/Users/marion.boisseaux/AppData/Roaming/TinyTeX/texmf-dist/tex/latex/microty
pe/microtype.sty
Package: microtype 2021/03/14 v2.8c Micro-typographical refinements (RS)

(c:/Users/marion.boisseaux/AppData/Roaming/TinyTeX/texmf-dist/tex/latex/graphic
s/keyval.sty
Package: keyval 2014/10/28 v1.15 key=value parser (DPC)
\KV@toks@=\toks30
)
\MT@toks=\toks31
\MT@count=\count335
LaTeX Info: Redefining \textls on input line 790.
\MT@outer@kern=\dimen195
LaTeX Info: Redefining \textmicrotypecontext on input line 1374.
\MT@listname@count=\count336

(c:/Users/marion.boisseaux/AppData/Roaming/TinyTeX/texmf-dist/tex/latex/microty
pe/microtype-xetex.def
File: microtype-xetex.def 2021/03/14 v2.8c Definitions specific to xetex (RS)
LaTeX Info: Redefining \lsstyle on input line 254.
)
Package microtype Info: Loading configuration file microtype.cfg.

(c:/Users/marion.boisseaux/AppData/Roaming/TinyTeX/texmf-dist/tex/latex/microty
pe/microtype.cfg
File: microtype.cfg 2021/03/14 v2.8c microtype main configuration file (RS)
))
(c:/Users/marion.boisseaux/AppData/Roaming/TinyTeX/texmf-dist/tex/latex/xcolor/
xcolor.sty
Package: xcolor 2016/05/11 v2.12 LaTeX color extensions (UK)

(c:/Users/marion.boisseaux/AppData/Roaming/TinyTeX/texmf-dist/tex/latex/graphic
s-cfg/color.cfg
File: color.cfg 2016/01/02 v1.6 sample color configuration
)
Package xcolor Info: Driver file: xetex.def on input line 225.

(c:/Users/marion.boisseaux/AppData/Roaming/TinyTeX/texmf-dist/tex/latex/graphic
s-def/xetex.def
File: xetex.def 2021/03/18 v5.0k Graphics/color driver for xetex
)
Package xcolor Info: Model `cmy' substituted by `cmy0' on input line 1348.
Package xcolor Info: Model `RGB' extended on input line 1364.
Package xcolor Info: Model `HTML' substituted by `rgb' on input line 1366.
Package xcolor Info: Model `Hsb' substituted by `hsb' on input line 1367.
Package xcolor Info: Model `tHsb' substituted by `hsb' on input line 1368.
Package xcolor Info: Model `HSB' substituted by `hsb' on input line 1369.
Package xcolor Info: Model `Gray' substituted by `gray' on input line 1370.
Package xcolor Info: Model `wave' substituted by `hsb' on input line 1371.

(c:/Users/marion.boisseaux/AppData/Roaming/TinyTeX/texmf-dist/tex/latex/graphic
s/dvipsnam.def
File: dvipsnam.def 2016/06/17 v3.0m Driver-dependent file (DPC,SPQR)
)
(c:/Users/marion.boisseaux/AppData/Roaming/TinyTeX/texmf-dist/tex/latex/xcolor/
svgnam.def
File: svgnam.def 2016/05/11 v2.12 Predefined colors according to SVG 1.1 (UK)
)
(c:/Users/marion.boisseaux/AppData/Roaming/TinyTeX/texmf-dist/tex/latex/xcolor/
x11nam.def
File: x11nam.def 2016/05/11 v2.12 Predefined colors according to Unix/X11 (UK)
))
(c:/Users/marion.boisseaux/AppData/Roaming/TinyTeX/texmf-dist/tex/latex/tools/l
ongtable.sty
Package: longtable 2021-05-07 v4.16 Multi-page Table package (DPC)
\LTleft=\skip194
\LTright=\skip195
\LTpre=\skip196
\LTpost=\skip197
\LTchunksize=\count337
\LTcapwidth=\dimen196
\LT@head=\box58
\LT@firsthead=\box59
\LT@foot=\box60
\LT@lastfoot=\box61
\LT@gbox=\box62
\LT@cols=\count338
\LT@rows=\count339
\c@LT@tables=\count340
\c@LT@chunks=\count341
\LT@p@ftn=\toks32
)
(c:/Users/marion.boisseaux/AppData/Roaming/TinyTeX/texmf-dist/tex/latex/tabu/ta
bu.sty
Package: tabu 2019/01/11 v2.9 - flexible LaTeX tabulars (FC+tabu-fixed)

(c:/Users/marion.boisseaux/AppData/Roaming/TinyTeX/texmf-dist/tex/latex/varwidt
h/varwidth.sty
Package: varwidth 2009/03/30 ver 0.92;  Variable-width minipages
\@vwid@box=\box63
\sift@deathcycles=\count342
\@vwid@loff=\dimen197
\@vwid@roff=\dimen198
)
\c@taburow=\count343
\tabu@nbcols=\count344
\tabu@cnt=\count345
\tabu@Xcol=\count346
\tabu@alloc=\count347
\tabu@nested=\count348
\tabu@target=\dimen199
\tabu@spreadtarget=\dimen256
\tabu@naturalX=\dimen257
\tabucolX=\dimen258
\tabu@Xsum=\dimen259
\extrarowdepth=\dimen260
\abovetabulinesep=\dimen261
\belowtabulinesep=\dimen262
\tabustrutrule=\dimen263
\tabu@thebody=\toks33
\tabu@footnotes=\toks34
\tabu@box=\box64
\tabu@arstrutbox=\box65
\tabu@hleads=\box66
\tabu@vleads=\box67
\tabu@cellskip=\skip198
)
(c:/Users/marion.boisseaux/AppData/Roaming/TinyTeX/texmf-dist/tex/latex/mdwtool
s/footnote.sty
Package: footnote 1997/01/28 1.13 Save footnotes around boxes
\fn@notes=\box68
\fn@width=\dimen264
)
(c:/Users/marion.boisseaux/AppData/Roaming/TinyTeX/texmf-dist/tex/latex/graphic
s/graphicx.sty
Package: graphicx 2020/12/05 v1.2c Enhanced LaTeX Graphics (DPC,SPQR)

(c:/Users/marion.boisseaux/AppData/Roaming/TinyTeX/texmf-dist/tex/latex/graphic
s/graphics.sty
Package: graphics 2021/03/04 v1.4d Standard LaTeX Graphics (DPC,SPQR)

(c:/Users/marion.boisseaux/AppData/Roaming/TinyTeX/texmf-dist/tex/latex/graphic
s/trig.sty
Package: trig 2016/01/03 v1.10 sin cos tan (DPC)
)
(c:/Users/marion.boisseaux/AppData/Roaming/TinyTeX/texmf-dist/tex/latex/graphic
s-cfg/graphics.cfg
File: graphics.cfg 2016/06/04 v1.11 sample graphics configuration
)
Package graphics Info: Driver file: xetex.def on input line 107.
)
\Gin@req@height=\dimen265
\Gin@req@width=\dimen266
)
(c:/Users/marion.boisseaux/AppData/Roaming/TinyTeX/texmf-dist/tex/latex/grffile
/grffile.sty
Package: grffile 2019/11/11 v2.1 Extended file name support for graphics (legac
y)
Package grffile Info: This package is an empty stub for compatibility on input 
line 40.
)
(c:/Users/marion.boisseaux/AppData/Roaming/TinyTeX/texmf-dist/tex/latex/enumite
m/enumitem.sty
Package: enumitem 2019/06/20 v3.9 Customized lists
\labelindent=\skip199
\enit@outerparindent=\dimen267
\enit@toks=\toks35
\enit@inbox=\box69
\enit@count@id=\count349
\enitdp@description=\count350
)
(c:/Users/marion.boisseaux/AppData/Roaming/TinyTeX/texmf-dist/tex/latex/polyglo
ssia/polyglossia.sty
Package: polyglossia 2021/04/12 v1.53 Modern multilingual typesetting with XeLa
TeX and LuaLaTeX

(c:/Users/marion.boisseaux/AppData/Roaming/TinyTeX/texmf-dist/tex/latex/etoolbo
x/etoolbox.sty
Package: etoolbox 2020/10/05 v2.5k e-TeX tools for LaTeX (JAW)
\etb@tempcnta=\count351
)
(c:/Users/marion.boisseaux/AppData/Roaming/TinyTeX/texmf-dist/tex/latex/makecmd
s/makecmds.sty
Package: makecmds 2009/09/03 v1.0a extra command making commands
)
(c:/Users/marion.boisseaux/AppData/Roaming/TinyTeX/texmf-dist/tex/latex/xkeyval
/xkeyval.sty
Package: xkeyval 2020/11/20 v2.8 package option processing (HA)

(c:/Users/marion.boisseaux/AppData/Roaming/TinyTeX/texmf-dist/tex/generic/xkeyv
al/xkeyval.tex
(c:/Users/marion.boisseaux/AppData/Roaming/TinyTeX/texmf-dist/tex/generic/xkeyv
al/xkvutils.tex
\XKV@toks=\toks36
\XKV@tempa@toks=\toks37
)
\XKV@depth=\count352
File: xkeyval.tex 2014/12/03 v2.7a key=value parser (HA)
))
\xpg@normalclass=\XeTeXcharclass1

(c:/Users/marion.boisseaux/AppData/Roaming/TinyTeX/texmf-dist/tex/latex/polyglo
ssia/gloss-latex.ldf
File: gloss-latex.ldf polyglossia: module for default language
The property list \polyglossia@langsetup contains the pairs (without outer
braces):
>  {latex/script}  =>  {latin}
>  {latex/lcscript}  =>  {latin}
>  {latex/scripttag}  =>  {}
>  {latex/language}  =>  {Latex}
>  {latex/langtag}  =>  {ENG}
>  {latex/bcp47}  =>  {}
>  {latex/hyphennames}  =>  {english}
>  {latex/direction}  =>  {LR}
>  {latex/hyphenmins}  =>  {2,3}
>  {latex/frenchspacing}  =>  {false}
>  {latex/indentfirst}  =>  {false}
>  {latex/fontsetup}  =>  {true}
>  {latex/envname}  =>  {latex}
>  {latex/babelname}  =>  {latex}
>  {latex/localnumeral}  =>  {polyglossia@C@localnumeral}
>  {latex/Localnumeral}  =>  {polyglossia@C@localnumeral}.
)
Package polyglossia Info: Default language is latex.
)
(c:/Users/marion.boisseaux/AppData/Roaming/TinyTeX/texmf-dist/tex/latex/polyglo
ssia/gloss-en-US.ldf
File: gloss-en-US.ldf polyglossia: module for en-US (english)

(c:/Users/marion.boisseaux/AppData/Roaming/TinyTeX/texmf-dist/tex/latex/polyglo
ssia/gloss-english.ldf
File: gloss-english.ldf polyglossia: module for english
The property list \polyglossia@langsetup contains the pairs (without outer
braces):
>  {latex/script}  =>  {latin}
>  {latex/lcscript}  =>  {latin}
>  {latex/scripttag}  =>  {}
>  {latex/language}  =>  {Latex}
>  {latex/langtag}  =>  {ENG}
>  {latex/bcp47}  =>  {}
>  {latex/hyphennames}  =>  {english}
>  {latex/direction}  =>  {LR}
>  {latex/hyphenmins}  =>  {2,3}
>  {latex/frenchspacing}  =>  {false}
>  {latex/indentfirst}  =>  {false}
>  {latex/fontsetup}  =>  {true}
>  {latex/envname}  =>  {latex}
>  {latex/babelname}  =>  {latex}
>  {latex/localnumeral}  =>  {polyglossia@C@localnumeral}
>  {latex/Localnumeral}  =>  {polyglossia@C@localnumeral}
>  {english/script}  =>  {latin}
>  {english/lcscript}  =>  {latin}
>  {english/scripttag}  =>  {}
>  {english/language}  =>  {English}
>  {english/langtag}  =>  {ENG}
>  {english/bcp47}  =>  {en-US}
>  {english/hyphennames}  =>  {english,american,usenglish,USenglish}
>  {english/direction}  =>  {LR}
>  {english/hyphenmins}  =>  {2,3}
>  {english/frenchspacing}  =>  {false}
>  {english/indentfirst}  =>  {false}
>  {english/fontsetup}  =>  {true}
>  {english/envname}  =>  {english}
>  {english/babelname}  =>  {english}
>  {english/localnumeral}  =>  {polyglossia@C@localnumeral}
>  {english/Localnumeral}  =>  {polyglossia@C@localnumeral}.
Package polyglossia Info: Option: English, variant=american.
))
(c:/Users/marion.boisseaux/AppData/Roaming/TinyTeX/texmf-dist/tex/latex/polyglo
ssia/gloss-english.ldf
File: gloss-english.ldf polyglossia: module for english
The property list \polyglossia@langsetup contains the pairs (without outer
braces):
>  {latex/script}  =>  {latin}
>  {latex/lcscript}  =>  {latin}
>  {latex/scripttag}  =>  {}
>  {latex/language}  =>  {Latex}
>  {latex/langtag}  =>  {ENG}
>  {latex/bcp47}  =>  {}
>  {latex/hyphennames}  =>  {english}
>  {latex/direction}  =>  {LR}
>  {latex/hyphenmins}  =>  {2,3}
>  {latex/frenchspacing}  =>  {false}
>  {latex/indentfirst}  =>  {false}
>  {latex/fontsetup}  =>  {true}
>  {latex/envname}  =>  {latex}
>  {latex/babelname}  =>  {latex}
>  {latex/localnumeral}  =>  {polyglossia@C@localnumeral}
>  {latex/Localnumeral}  =>  {polyglossia@C@localnumeral}
>  {english/script}  =>  {latin}
>  {english/lcscript}  =>  {latin}
>  {english/scripttag}  =>  {}
>  {english/language}  =>  {English}
>  {english/langtag}  =>  {ENG}
>  {english/bcp47}  =>  {en-US}
>  {english/hyphennames}  =>  {english,american,usenglish,USenglish}
>  {english/direction}  =>  {LR}
>  {english/hyphenmins}  =>  {2,3}
>  {english/frenchspacing}  =>  {false}
>  {english/indentfirst}  =>  {false}
>  {english/fontsetup}  =>  {true}
>  {english/envname}  =>  {english}
>  {english/babelname}  =>  {english}
>  {english/localnumeral}  =>  {polyglossia@C@localnumeral}
>  {english/Localnumeral}  =>  {polyglossia@C@localnumeral}.
Package polyglossia Info: Option: English, variant=american.
)
Package polyglossia Info: Option: English, variant=american.
Package polyglossia Info: Option: English, variant=american.
Package polyglossia Info: Default language is english.
Package polyglossia Info: Option: English, variant=american.

(c:/Users/marion.boisseaux/AppData/Roaming/TinyTeX/texmf-dist/tex/latex/polyglo
ssia/gloss-fr-FR.ldf
File: gloss-fr-FR.ldf polyglossia: module for fr-FR (french)

(c:/Users/marion.boisseaux/AppData/Roaming/TinyTeX/texmf-dist/tex/latex/polyglo
ssia/gloss-french.ldf
File: gloss-french.ldf polyglossia: module for french
The property list \polyglossia@langsetup contains the pairs (without outer
braces):
>  {latex/script}  =>  {latin}
>  {latex/lcscript}  =>  {latin}
>  {latex/scripttag}  =>  {}
>  {latex/language}  =>  {Latex}
>  {latex/langtag}  =>  {ENG}
>  {latex/bcp47}  =>  {}
>  {latex/hyphennames}  =>  {english}
>  {latex/direction}  =>  {LR}
>  {latex/hyphenmins}  =>  {2,3}
>  {latex/frenchspacing}  =>  {false}
>  {latex/indentfirst}  =>  {false}
>  {latex/fontsetup}  =>  {true}
>  {latex/envname}  =>  {latex}
>  {latex/babelname}  =>  {latex}
>  {latex/localnumeral}  =>  {polyglossia@C@localnumeral}
>  {latex/Localnumeral}  =>  {polyglossia@C@localnumeral}
>  {english/script}  =>  {latin}
>  {english/lcscript}  =>  {latin}
>  {english/scripttag}  =>  {}
>  {english/language}  =>  {English}
>  {english/langtag}  =>  {ENG}
>  {english/bcp47}  =>  {en-US}
>  {english/hyphennames}  =>  {english,american,usenglish,USenglish}
>  {english/direction}  =>  {LR}
>  {english/hyphenmins}  =>  {2,3}
>  {english/frenchspacing}  =>  {false}
>  {english/indentfirst}  =>  {false}
>  {english/fontsetup}  =>  {true}
>  {english/envname}  =>  {english}
>  {english/babelname}  =>  {american}
>  {english/localnumeral}  =>  {polyglossia@C@localnumeral}
>  {english/Localnumeral}  =>  {polyglossia@C@localnumeral}
>  {french/script}  =>  {Latin}
>  {french/lcscript}  =>  {latin}
>  {french/scripttag}  =>  {}
>  {french/language}  =>  {French}
>  {french/langtag}  =>  {FRA}
>  {french/bcp47}  =>  {fr-FR}
>  {french/hyphennames}  =>  {french,francais}
>  {french/direction}  =>  {LR}
>  {french/hyphenmins}  =>  {2,2}
>  {french/frenchspacing}  =>  {true}
>  {french/indentfirst}  =>  {true}
>  {french/fontsetup}  =>  {true}
>  {french/envname}  =>  {french}
>  {french/babelname}  =>  {french}
>  {french/localnumeral}  =>  {polyglossia@C@localnumeral}
>  {french/Localnumeral}  =>  {polyglossia@C@localnumeral}.

Package polyglossia Warning: No hyphenation patterns were loaded for `french'
(polyglossia)                I will use \language=\l@nohyphenation instead on i
nput line 12.

\l@french = a dialect from \language\l@nohyphenation 
\french@openbrackets=\XeTeXcharclass2
\french@closebrackets=\XeTeXcharclass3
\french@questionexclamation=\XeTeXcharclass4
\french@punctthin=\XeTeXcharclass5
\french@punctthick=\XeTeXcharclass6
\french@punctguillstart=\XeTeXcharclass7
\french@punctguillend=\XeTeXcharclass8
Package polyglossia Info: Option: French, variant=french.
))
(c:/Users/marion.boisseaux/AppData/Roaming/TinyTeX/texmf-dist/tex/latex/polyglo
ssia/gloss-french.ldf
File: gloss-french.ldf polyglossia: module for french
The property list \polyglossia@langsetup contains the pairs (without outer
braces):
>  {latex/script}  =>  {latin}
>  {latex/lcscript}  =>  {latin}
>  {latex/scripttag}  =>  {}
>  {latex/language}  =>  {Latex}
>  {latex/langtag}  =>  {ENG}
>  {latex/bcp47}  =>  {}
>  {latex/hyphennames}  =>  {english}
>  {latex/direction}  =>  {LR}
>  {latex/hyphenmins}  =>  {2,3}
>  {latex/frenchspacing}  =>  {false}
>  {latex/indentfirst}  =>  {false}
>  {latex/fontsetup}  =>  {true}
>  {latex/envname}  =>  {latex}
>  {latex/babelname}  =>  {latex}
>  {latex/localnumeral}  =>  {polyglossia@C@localnumeral}
>  {latex/Localnumeral}  =>  {polyglossia@C@localnumeral}
>  {english/script}  =>  {latin}
>  {english/lcscript}  =>  {latin}
>  {english/scripttag}  =>  {}
>  {english/language}  =>  {English}
>  {english/langtag}  =>  {ENG}
>  {english/bcp47}  =>  {en-US}
>  {english/hyphennames}  =>  {english,american,usenglish,USenglish}
>  {english/direction}  =>  {LR}
>  {english/hyphenmins}  =>  {2,3}
>  {english/frenchspacing}  =>  {false}
>  {english/indentfirst}  =>  {false}
>  {english/fontsetup}  =>  {true}
>  {english/envname}  =>  {english}
>  {english/babelname}  =>  {american}
>  {english/localnumeral}  =>  {polyglossia@C@localnumeral}
>  {english/Localnumeral}  =>  {polyglossia@C@localnumeral}
>  {french/script}  =>  {Latin}
>  {french/lcscript}  =>  {latin}
>  {french/scripttag}  =>  {}
>  {french/language}  =>  {French}
>  {french/langtag}  =>  {FRA}
>  {french/bcp47}  =>  {fr-FR}
>  {french/hyphennames}  =>  {french,francais}
>  {french/direction}  =>  {LR}
>  {french/hyphenmins}  =>  {2,2}
>  {french/frenchspacing}  =>  {true}
>  {french/indentfirst}  =>  {true}
>  {french/fontsetup}  =>  {true}
>  {french/envname}  =>  {french}
>  {french/babelname}  =>  {french}
>  {french/localnumeral}  =>  {polyglossia@C@localnumeral}
>  {french/Localnumeral}  =>  {polyglossia@C@localnumeral}.

Package polyglossia Warning: No hyphenation patterns were loaded for `french'
(polyglossia)                I will use \language=\l@nohyphenation instead on i
nput line 12.

\l@french = a dialect from \language\l@nohyphenation 
\french@openbrackets=\XeTeXcharclass9
\french@closebrackets=\XeTeXcharclass10
\french@questionexclamation=\XeTeXcharclass11
\french@punctthin=\XeTeXcharclass12
\french@punctthick=\XeTeXcharclass13
\french@punctguillstart=\XeTeXcharclass14
\french@punctguillend=\XeTeXcharclass15
LaTeX Info: Redefining \french@ttfamilyFB on input line 129.
Package polyglossia Info: Option: French, variant=french.
)
Package polyglossia Info: Option: French, variant=french.
Package polyglossia Info: Option: French, variant=french.
Package polyglossia Info: Option: French, variant=french.

(c:/Users/marion.boisseaux/AppData/Roaming/TinyTeX/texmf-dist/tex/latex/polyglo
ssia/gloss-it.ldf
File: gloss-it.ldf polyglossia: module for it (italian)

(c:/Users/marion.boisseaux/AppData/Roaming/TinyTeX/texmf-dist/tex/latex/polyglo
ssia/gloss-italian.ldf
File: gloss-italian.ldf polyglossia: module for italian
The property list \polyglossia@langsetup contains the pairs (without outer
braces):
>  {latex/script}  =>  {latin}
>  {latex/lcscript}  =>  {latin}
>  {latex/scripttag}  =>  {}
>  {latex/language}  =>  {Latex}
>  {latex/langtag}  =>  {ENG}
>  {latex/bcp47}  =>  {}
>  {latex/hyphennames}  =>  {english}
>  {latex/direction}  =>  {LR}
>  {latex/hyphenmins}  =>  {2,3}
>  {latex/frenchspacing}  =>  {false}
>  {latex/indentfirst}  =>  {false}
>  {latex/fontsetup}  =>  {true}
>  {latex/envname}  =>  {latex}
>  {latex/babelname}  =>  {latex}
>  {latex/localnumeral}  =>  {polyglossia@C@localnumeral}
>  {latex/Localnumeral}  =>  {polyglossia@C@localnumeral}
>  {english/script}  =>  {latin}
>  {english/lcscript}  =>  {latin}
>  {english/scripttag}  =>  {}
>  {english/language}  =>  {English}
>  {english/langtag}  =>  {ENG}
>  {english/bcp47}  =>  {en-US}
>  {english/hyphennames}  =>  {english,american,usenglish,USenglish}
>  {english/direction}  =>  {LR}
>  {english/hyphenmins}  =>  {2,3}
>  {english/frenchspacing}  =>  {false}
>  {english/indentfirst}  =>  {false}
>  {english/fontsetup}  =>  {true}
>  {english/envname}  =>  {english}
>  {english/babelname}  =>  {american}
>  {english/localnumeral}  =>  {polyglossia@C@localnumeral}
>  {english/Localnumeral}  =>  {polyglossia@C@localnumeral}
>  {french/script}  =>  {Latin}
>  {french/lcscript}  =>  {latin}
>  {french/scripttag}  =>  {}
>  {french/language}  =>  {French}
>  {french/langtag}  =>  {FRA}
>  {french/bcp47}  =>  {fr-FR}
>  {french/hyphennames}  =>  {french,francais}
>  {french/direction}  =>  {LR}
>  {french/hyphenmins}  =>  {2,2}
>  {french/frenchspacing}  =>  {true}
>  {french/indentfirst}  =>  {true}
>  {french/fontsetup}  =>  {true}
>  {french/envname}  =>  {french}
>  {french/babelname}  =>  {french}
>  {french/localnumeral}  =>  {polyglossia@C@localnumeral}
>  {french/Localnumeral}  =>  {polyglossia@C@localnumeral}
>  {italian/script}  =>  {latin}
>  {italian/lcscript}  =>  {latin}
>  {italian/scripttag}  =>  {}
>  {italian/language}  =>  {Italian}
>  {italian/langtag}  =>  {ITA}
>  {italian/bcp47}  =>  {it}
>  {italian/hyphennames}  =>  {italian}
>  {italian/direction}  =>  {LR}
>  {italian/hyphenmins}  =>  {2,2}
>  {italian/frenchspacing}  =>  {true}
>  {italian/indentfirst}  =>  {true}
>  {italian/fontsetup}  =>  {true}
>  {italian/envname}  =>  {italian}
>  {italian/babelname}  =>  {italian}
>  {italian/localnumeral}  =>  {polyglossia@C@localnumeral}
>  {italian/Localnumeral}  =>  {polyglossia@C@localnumeral}.

Package polyglossia Warning: No hyphenation patterns were loaded for `italian'
(polyglossia)                I will use \language=\l@nohyphenation instead on i
nput line 11.

\l@italian = a dialect from \language\l@nohyphenation 

(c:/Users/marion.boisseaux/AppData/Roaming/TinyTeX/texmf-dist/tex/latex/polyglo
ssia/babelsh.def
File: babelsh.def 2019/09/30 Babel common definitions for shorthands
 Taken verbatim from babel files (2019/09/27 v3.34)
)
Package polyglossia Info: Making " an active character on input line 33.
))
(c:/Users/marion.boisseaux/AppData/Roaming/TinyTeX/texmf-dist/tex/latex/biblate
x/biblatex.sty
Package: biblatex 2020/12/31 v3.16 programmable bibliographies (PK/MW)

(c:/Users/marion.boisseaux/AppData/Roaming/TinyTeX/texmf-dist/tex/generic/pdfte
xcmds/pdftexcmds.sty
Package: pdftexcmds 2020-06-27 v0.33 Utility functions of pdfTeX for LuaTeX (HO
)

(c:/Users/marion.boisseaux/AppData/Roaming/TinyTeX/texmf-dist/tex/generic/infwa
rerr/infwarerr.sty
Package: infwarerr 2019/12/03 v1.5 Providing info/warning/error messages (HO)
)
(c:/Users/marion.boisseaux/AppData/Roaming/TinyTeX/texmf-dist/tex/generic/ltxcm
ds/ltxcmds.sty
Package: ltxcmds 2020-05-10 v1.25 LaTeX kernel commands for general use (HO)
)
Package pdftexcmds Info: \pdf@primitive is available.
Package pdftexcmds Info: \pdf@ifprimitive is available.
Package pdftexcmds Info: \pdfdraftmode not found.
)
(c:/Users/marion.boisseaux/AppData/Roaming/TinyTeX/texmf-dist/tex/latex/kvoptio
ns/kvoptions.sty
Package: kvoptions 2020-10-07 v3.14 Key value format for package options (HO)

(c:/Users/marion.boisseaux/AppData/Roaming/TinyTeX/texmf-dist/tex/generic/kvset
keys/kvsetkeys.sty
Package: kvsetkeys 2019/12/15 v1.18 Key value parser (HO)
))
(c:/Users/marion.boisseaux/AppData/Roaming/TinyTeX/texmf-dist/tex/latex/logreq/
logreq.sty
Package: logreq 2010/08/04 v1.0 xml request logger
\lrq@indent=\count353

(c:/Users/marion.boisseaux/AppData/Roaming/TinyTeX/texmf-dist/tex/latex/logreq/
logreq.def
File: logreq.def 2010/08/04 v1.0 logreq spec v1.0
))
(c:/Users/marion.boisseaux/AppData/Roaming/TinyTeX/texmf-dist/tex/latex/base/if
then.sty
Package: ifthen 2020/11/24 v1.1c Standard LaTeX ifthen package (DPC)
)
(c:/Users/marion.boisseaux/AppData/Roaming/TinyTeX/texmf-dist/tex/latex/url/url
.sty
\Urlmuskip=\muskip18
Package: url 2013/09/16  ver 3.4  Verb mode for urls, etc.
)
\c@tabx@nest=\count354
\c@listtotal=\count355
\c@listcount=\count356
\c@liststart=\count357
\c@liststop=\count358
\c@citecount=\count359
\c@citetotal=\count360
\c@multicitecount=\count361
\c@multicitetotal=\count362
\c@instcount=\count363
\c@maxnames=\count364
\c@minnames=\count365
\c@maxitems=\count366
\c@minitems=\count367
\c@citecounter=\count368
\c@maxcitecounter=\count369
\c@savedcitecounter=\count370
\c@uniquelist=\count371
\c@uniquename=\count372
\c@refsection=\count373
\c@refsegment=\count374
\c@maxextratitle=\count375
\c@maxextratitleyear=\count376
\c@maxextraname=\count377
\c@maxextradate=\count378
\c@maxextraalpha=\count379
\c@abbrvpenalty=\count380
\c@highnamepenalty=\count381
\c@lownamepenalty=\count382
\c@maxparens=\count383
\c@parenlevel=\count384
\blx@tempcnta=\count385
\blx@tempcntb=\count386
\blx@tempcntc=\count387
\blx@maxsection=\count388
\blx@maxsegment@0=\count389
\blx@notetype=\count390
\blx@parenlevel@text=\count391
\blx@parenlevel@foot=\count392
\blx@sectionciteorder@0=\count393
\blx@entrysetcounter=\count394
\blx@biblioinstance=\count395
\labelnumberwidth=\skip256
\labelalphawidth=\skip257
\biblabelsep=\skip258
\bibnamesep=\skip259
\bibinitsep=\skip260
\bibparsep=\skip261
\bibhang=\skip262
\blx@bcfin=\read3
\blx@bcfout=\write4
\blx@langwohyphens=\language3
\c@mincomprange=\count396
\c@maxcomprange=\count397
\c@mincompwidth=\count398
Package biblatex Info: Trying to load biblatex default data model...
Package biblatex Info: ... file 'blx-dm.def' found.

(c:/Users/marion.boisseaux/AppData/Roaming/TinyTeX/texmf-dist/tex/latex/biblate
x/blx-dm.def
File: blx-dm.def 2020/12/31 v3.16 biblatex localization (PK/MW)
)
Package biblatex Info: Trying to load biblatex style data model...
Package biblatex Info: ... file 'authoryear-ibid.dbx' not found.
Package biblatex Info: Trying to load biblatex custom data model...
Package biblatex Info: ... file 'biblatex-dm.cfg' not found.
\c@afterword=\count399
\c@savedafterword=\count400
\c@annotator=\count401
\c@savedannotator=\count402
\c@author=\count403
\c@savedauthor=\count404
\c@bookauthor=\count405
\c@savedbookauthor=\count406
\c@commentator=\count407
\c@savedcommentator=\count408
\c@editor=\count409
\c@savededitor=\count410
\c@editora=\count411
\c@savededitora=\count412
\c@editorb=\count413
\c@savededitorb=\count414
\c@editorc=\count415
\c@savededitorc=\count416
\c@foreword=\count417
\c@savedforeword=\count418
\c@holder=\count419
\c@savedholder=\count420
\c@introduction=\count421
\c@savedintroduction=\count422
\c@namea=\count423
\c@savednamea=\count424
\c@nameb=\count425
\c@savednameb=\count426
\c@namec=\count427
\c@savednamec=\count428
\c@translator=\count429
\c@savedtranslator=\count430
\c@shortauthor=\count431
\c@savedshortauthor=\count432
\c@shorteditor=\count433
\c@savedshorteditor=\count434
\c@labelname=\count435
\c@savedlabelname=\count436
\c@institution=\count437
\c@savedinstitution=\count438
\c@lista=\count439
\c@savedlista=\count440
\c@listb=\count441
\c@savedlistb=\count442
\c@listc=\count443
\c@savedlistc=\count444
\c@listd=\count445
\c@savedlistd=\count446
\c@liste=\count447
\c@savedliste=\count448
\c@listf=\count449
\c@savedlistf=\count450
\c@location=\count451
\c@savedlocation=\count452
\c@organization=\count453
\c@savedorganization=\count454
\c@origlocation=\count455
\c@savedoriglocation=\count456
\c@origpublisher=\count457
\c@savedorigpublisher=\count458
\c@publisher=\count459
\c@savedpublisher=\count460
\c@language=\count461
\c@savedlanguage=\count462
\c@origlanguage=\count463
\c@savedoriglanguage=\count464
\c@pageref=\count465
\c@savedpageref=\count466
\shorthandwidth=\skip263
\shortjournalwidth=\skip264
\shortserieswidth=\skip265
\shorttitlewidth=\skip266
\shortauthorwidth=\skip267
\shorteditorwidth=\skip268
\locallabelnumberwidth=\skip269
\locallabelalphawidth=\skip270
\localshorthandwidth=\skip271
\localshortjournalwidth=\skip272
\localshortserieswidth=\skip273
\localshorttitlewidth=\skip274
\localshortauthorwidth=\skip275
\localshorteditorwidth=\skip276
Package biblatex Info: Trying to load enhanced support for Unicode engines...
Package biblatex Info: ... file 'blx-unicode.def' found.

(c:/Users/marion.boisseaux/AppData/Roaming/TinyTeX/texmf-dist/tex/latex/biblate
x/blx-unicode.def)
Package biblatex Info: Trying to load compatibility code...
Package biblatex Info: ... file 'blx-compat.def' found.

(c:/Users/marion.boisseaux/AppData/Roaming/TinyTeX/texmf-dist/tex/latex/biblate
x/blx-compat.def
File: blx-compat.def 2020/12/31 v3.16 biblatex compatibility (PK/MW)
)
Package biblatex Info: Trying to load generic definitions...
Package biblatex Info: ... file 'biblatex.def' found.

(c:/Users/marion.boisseaux/AppData/Roaming/TinyTeX/texmf-dist/tex/latex/biblate
x/biblatex.def
File: biblatex.def 2020/12/31 v3.16 biblatex compatibility (PK/MW)
\c@textcitecount=\count467
\c@textcitetotal=\count468
\c@textcitemaxnames=\count469
\c@biburlbigbreakpenalty=\count470
\c@biburlbreakpenalty=\count471
\c@biburlnumpenalty=\count472
\c@biburlucpenalty=\count473
\c@biburllcpenalty=\count474
\biburlbigskip=\muskip19
\biburlnumskip=\muskip20
\biburlucskip=\muskip21
\biburllcskip=\muskip22
\c@smartand=\count475
)
Package biblatex Info: Trying to load bibliography style 'authoryear-ibid'...
Package biblatex Info: ... file 'authoryear-ibid.bbx' found.

(c:/Users/marion.boisseaux/AppData/Roaming/TinyTeX/texmf-dist/tex/latex/biblate
x/bbx/authoryear-ibid.bbx
File: authoryear-ibid.bbx 2020/12/31 v3.16 biblatex bibliography style (PK/MW)
Package biblatex Info: Trying to load bibliography style 'authoryear'...
Package biblatex Info: ... file 'authoryear.bbx' found.

(c:/Users/marion.boisseaux/AppData/Roaming/TinyTeX/texmf-dist/tex/latex/biblate
x/bbx/authoryear.bbx
File: authoryear.bbx 2020/12/31 v3.16 biblatex bibliography style (PK/MW)
Package biblatex Info: Trying to load bibliography style 'standard'...
Package biblatex Info: ... file 'standard.bbx' found.

(c:/Users/marion.boisseaux/AppData/Roaming/TinyTeX/texmf-dist/tex/latex/biblate
x/bbx/standard.bbx
File: standard.bbx 2020/12/31 v3.16 biblatex bibliography style (PK/MW)
\c@bbx:relatedcount=\count476
\c@bbx:relatedtotal=\count477
)))
Package biblatex Info: Trying to load citation style 'authoryear-ibid'...
Package biblatex Info: ... file 'authoryear-ibid.cbx' found.

(c:/Users/marion.boisseaux/AppData/Roaming/TinyTeX/texmf-dist/tex/latex/biblate
x/cbx/authoryear-ibid.cbx
File: authoryear-ibid.cbx 2020/12/31 v3.16 biblatex citation style (PK/MW)
Package biblatex Info: Redefining '\cite'.
Package biblatex Info: Redefining '\parencite'.
Package biblatex Info: Redefining '\footcite'.
Package biblatex Info: Redefining '\footcitetext'.
Package biblatex Info: Redefining '\smartcite'.
Package biblatex Info: Redefining '\textcite'.
Package biblatex Info: Redefining '\textcites'.
)
Package biblatex Info: Trying to load configuration file...
Package biblatex Info: ... file 'biblatex.cfg' found.

(c:/Users/marion.boisseaux/AppData/Roaming/TinyTeX/texmf-dist/tex/latex/biblate
x/biblatex.cfg
File: biblatex.cfg 
))
(c:/Users/marion.boisseaux/AppData/Roaming/TinyTeX/texmf-dist/tex/latex/bclogo/
bclogo.sty
Package: bclogo 2016/01/10 v3.1
\bc@invboxh=\skip277
\bc@invboxd=\skip278
\bc@titleLength=\skip279
\logowidth=\skip280

(c:/Users/marion.boisseaux/AppData/Roaming/TinyTeX/texmf-dist/tex/latex/pgf/fro
ntendlayer/tikz.sty
(c:/Users/marion.boisseaux/AppData/Roaming/TinyTeX/texmf-dist/tex/latex/pgf/bas
iclayer/pgf.sty
(c:/Users/marion.boisseaux/AppData/Roaming/TinyTeX/texmf-dist/tex/latex/pgf/uti
lities/pgfrcs.sty
(c:/Users/marion.boisseaux/AppData/Roaming/TinyTeX/texmf-dist/tex/generic/pgf/u
tilities/pgfutil-common.tex
\pgfutil@everybye=\toks38
\pgfutil@tempdima=\dimen268
\pgfutil@tempdimb=\dimen269

(c:/Users/marion.boisseaux/AppData/Roaming/TinyTeX/texmf-dist/tex/generic/pgf/u
tilities/pgfutil-common-lists.tex))
(c:/Users/marion.boisseaux/AppData/Roaming/TinyTeX/texmf-dist/tex/generic/pgf/u
tilities/pgfutil-latex.def
\pgfutil@abb=\box70
)
(c:/Users/marion.boisseaux/AppData/Roaming/TinyTeX/texmf-dist/tex/generic/pgf/u
tilities/pgfrcs.code.tex
(c:/Users/marion.boisseaux/AppData/Roaming/TinyTeX/texmf-dist/tex/generic/pgf/p
gf.revision.tex)
Package: pgfrcs 2021/05/15 v3.1.9a (3.1.9a)
))
Package: pgf 2021/05/15 v3.1.9a (3.1.9a)

(c:/Users/marion.boisseaux/AppData/Roaming/TinyTeX/texmf-dist/tex/latex/pgf/bas
iclayer/pgfcore.sty
(c:/Users/marion.boisseaux/AppData/Roaming/TinyTeX/texmf-dist/tex/latex/pgf/sys
temlayer/pgfsys.sty
(c:/Users/marion.boisseaux/AppData/Roaming/TinyTeX/texmf-dist/tex/generic/pgf/s
ystemlayer/pgfsys.code.tex
Package: pgfsys 2021/05/15 v3.1.9a (3.1.9a)

(c:/Users/marion.boisseaux/AppData/Roaming/TinyTeX/texmf-dist/tex/generic/pgf/u
tilities/pgfkeys.code.tex
\pgfkeys@pathtoks=\toks39
\pgfkeys@temptoks=\toks40

(c:/Users/marion.boisseaux/AppData/Roaming/TinyTeX/texmf-dist/tex/generic/pgf/u
tilities/pgfkeysfiltered.code.tex
\pgfkeys@tmptoks=\toks41
))
\pgf@x=\dimen270
\pgf@y=\dimen271
\pgf@xa=\dimen272
\pgf@ya=\dimen273
\pgf@xb=\dimen274
\pgf@yb=\dimen275
\pgf@xc=\dimen276
\pgf@yc=\dimen277
\pgf@xd=\dimen278
\pgf@yd=\dimen279
\w@pgf@writea=\write5
\r@pgf@reada=\read4
\c@pgf@counta=\count478
\c@pgf@countb=\count479
\c@pgf@countc=\count480
\c@pgf@countd=\count481
\t@pgf@toka=\toks42
\t@pgf@tokb=\toks43
\t@pgf@tokc=\toks44
\pgf@sys@id@count=\count482

(c:/Users/marion.boisseaux/AppData/Roaming/TinyTeX/texmf-dist/tex/generic/pgf/s
ystemlayer/pgf.cfg
File: pgf.cfg 2021/05/15 v3.1.9a (3.1.9a)
)
Driver file for pgf: pgfsys-xetex.def

(c:/Users/marion.boisseaux/AppData/Roaming/TinyTeX/texmf-dist/tex/generic/pgf/s
ystemlayer/pgfsys-xetex.def
File: pgfsys-xetex.def 2021/05/15 v3.1.9a (3.1.9a)

(c:/Users/marion.boisseaux/AppData/Roaming/TinyTeX/texmf-dist/tex/generic/pgf/s
ystemlayer/pgfsys-dvipdfmx.def
File: pgfsys-dvipdfmx.def 2021/05/15 v3.1.9a (3.1.9a)

(c:/Users/marion.boisseaux/AppData/Roaming/TinyTeX/texmf-dist/tex/generic/pgf/s
ystemlayer/pgfsys-common-pdf.def
File: pgfsys-common-pdf.def 2021/05/15 v3.1.9a (3.1.9a)
)
\pgfsys@objnum=\count483
)))
(c:/Users/marion.boisseaux/AppData/Roaming/TinyTeX/texmf-dist/tex/generic/pgf/s
ystemlayer/pgfsyssoftpath.code.tex
File: pgfsyssoftpath.code.tex 2021/05/15 v3.1.9a (3.1.9a)
\pgfsyssoftpath@smallbuffer@items=\count484
\pgfsyssoftpath@bigbuffer@items=\count485
)
(c:/Users/marion.boisseaux/AppData/Roaming/TinyTeX/texmf-dist/tex/generic/pgf/s
ystemlayer/pgfsysprotocol.code.tex
File: pgfsysprotocol.code.tex 2021/05/15 v3.1.9a (3.1.9a)
))
(c:/Users/marion.boisseaux/AppData/Roaming/TinyTeX/texmf-dist/tex/generic/pgf/b
asiclayer/pgfcore.code.tex
Package: pgfcore 2021/05/15 v3.1.9a (3.1.9a)

(c:/Users/marion.boisseaux/AppData/Roaming/TinyTeX/texmf-dist/tex/generic/pgf/m
ath/pgfmath.code.tex
(c:/Users/marion.boisseaux/AppData/Roaming/TinyTeX/texmf-dist/tex/generic/pgf/m
ath/pgfmathcalc.code.tex
(c:/Users/marion.boisseaux/AppData/Roaming/TinyTeX/texmf-dist/tex/generic/pgf/m
ath/pgfmathutil.code.tex)
(c:/Users/marion.boisseaux/AppData/Roaming/TinyTeX/texmf-dist/tex/generic/pgf/m
ath/pgfmathparser.code.tex
\pgfmath@dimen=\dimen280
\pgfmath@count=\count486
\pgfmath@box=\box71
\pgfmath@toks=\toks45
\pgfmath@stack@operand=\toks46
\pgfmath@stack@operation=\toks47
)
(c:/Users/marion.boisseaux/AppData/Roaming/TinyTeX/texmf-dist/tex/generic/pgf/m
ath/pgfmathfunctions.code.tex
(c:/Users/marion.boisseaux/AppData/Roaming/TinyTeX/texmf-dist/tex/generic/pgf/m
ath/pgfmathfunctions.basic.code.tex)
(c:/Users/marion.boisseaux/AppData/Roaming/TinyTeX/texmf-dist/tex/generic/pgf/m
ath/pgfmathfunctions.trigonometric.code.tex)
(c:/Users/marion.boisseaux/AppData/Roaming/TinyTeX/texmf-dist/tex/generic/pgf/m
ath/pgfmathfunctions.random.code.tex)
(c:/Users/marion.boisseaux/AppData/Roaming/TinyTeX/texmf-dist/tex/generic/pgf/m
ath/pgfmathfunctions.comparison.code.tex)
(c:/Users/marion.boisseaux/AppData/Roaming/TinyTeX/texmf-dist/tex/generic/pgf/m
ath/pgfmathfunctions.base.code.tex)
(c:/Users/marion.boisseaux/AppData/Roaming/TinyTeX/texmf-dist/tex/generic/pgf/m
ath/pgfmathfunctions.round.code.tex)
(c:/Users/marion.boisseaux/AppData/Roaming/TinyTeX/texmf-dist/tex/generic/pgf/m
ath/pgfmathfunctions.misc.code.tex)
(c:/Users/marion.boisseaux/AppData/Roaming/TinyTeX/texmf-dist/tex/generic/pgf/m
ath/pgfmathfunctions.integerarithmetics.code.tex)))
(c:/Users/marion.boisseaux/AppData/Roaming/TinyTeX/texmf-dist/tex/generic/pgf/m
ath/pgfmathfloat.code.tex
\c@pgfmathroundto@lastzeros=\count487
))
(c:/Users/marion.boisseaux/AppData/Roaming/TinyTeX/texmf-dist/tex/generic/pgf/m
ath/pgfint.code.tex)
(c:/Users/marion.boisseaux/AppData/Roaming/TinyTeX/texmf-dist/tex/generic/pgf/b
asiclayer/pgfcorepoints.code.tex
File: pgfcorepoints.code.tex 2021/05/15 v3.1.9a (3.1.9a)
\pgf@picminx=\dimen281
\pgf@picmaxx=\dimen282
\pgf@picminy=\dimen283
\pgf@picmaxy=\dimen284
\pgf@pathminx=\dimen285
\pgf@pathmaxx=\dimen286
\pgf@pathminy=\dimen287
\pgf@pathmaxy=\dimen288
\pgf@xx=\dimen289
\pgf@xy=\dimen290
\pgf@yx=\dimen291
\pgf@yy=\dimen292
\pgf@zx=\dimen293
\pgf@zy=\dimen294
)
(c:/Users/marion.boisseaux/AppData/Roaming/TinyTeX/texmf-dist/tex/generic/pgf/b
asiclayer/pgfcorepathconstruct.code.tex
File: pgfcorepathconstruct.code.tex 2021/05/15 v3.1.9a (3.1.9a)
\pgf@path@lastx=\dimen295
\pgf@path@lasty=\dimen296
)
(c:/Users/marion.boisseaux/AppData/Roaming/TinyTeX/texmf-dist/tex/generic/pgf/b
asiclayer/pgfcorepathusage.code.tex
File: pgfcorepathusage.code.tex 2021/05/15 v3.1.9a (3.1.9a)
\pgf@shorten@end@additional=\dimen297
\pgf@shorten@start@additional=\dimen298
)
(c:/Users/marion.boisseaux/AppData/Roaming/TinyTeX/texmf-dist/tex/generic/pgf/b
asiclayer/pgfcorescopes.code.tex
File: pgfcorescopes.code.tex 2021/05/15 v3.1.9a (3.1.9a)
\pgfpic=\box72
\pgf@hbox=\box73
\pgf@layerbox@main=\box74
\pgf@picture@serial@count=\count488
)
(c:/Users/marion.boisseaux/AppData/Roaming/TinyTeX/texmf-dist/tex/generic/pgf/b
asiclayer/pgfcoregraphicstate.code.tex
File: pgfcoregraphicstate.code.tex 2021/05/15 v3.1.9a (3.1.9a)
\pgflinewidth=\dimen299
)
(c:/Users/marion.boisseaux/AppData/Roaming/TinyTeX/texmf-dist/tex/generic/pgf/b
asiclayer/pgfcoretransformations.code.tex
File: pgfcoretransformations.code.tex 2021/05/15 v3.1.9a (3.1.9a)
\pgf@pt@x=\dimen300
\pgf@pt@y=\dimen301
\pgf@pt@temp=\dimen302
)
(c:/Users/marion.boisseaux/AppData/Roaming/TinyTeX/texmf-dist/tex/generic/pgf/b
asiclayer/pgfcorequick.code.tex
File: pgfcorequick.code.tex 2021/05/15 v3.1.9a (3.1.9a)
)
(c:/Users/marion.boisseaux/AppData/Roaming/TinyTeX/texmf-dist/tex/generic/pgf/b
asiclayer/pgfcoreobjects.code.tex
File: pgfcoreobjects.code.tex 2021/05/15 v3.1.9a (3.1.9a)
)
(c:/Users/marion.boisseaux/AppData/Roaming/TinyTeX/texmf-dist/tex/generic/pgf/b
asiclayer/pgfcorepathprocessing.code.tex
File: pgfcorepathprocessing.code.tex 2021/05/15 v3.1.9a (3.1.9a)
)
(c:/Users/marion.boisseaux/AppData/Roaming/TinyTeX/texmf-dist/tex/generic/pgf/b
asiclayer/pgfcorearrows.code.tex
File: pgfcorearrows.code.tex 2021/05/15 v3.1.9a (3.1.9a)
\pgfarrowsep=\dimen303
)
(c:/Users/marion.boisseaux/AppData/Roaming/TinyTeX/texmf-dist/tex/generic/pgf/b
asiclayer/pgfcoreshade.code.tex
File: pgfcoreshade.code.tex 2021/05/15 v3.1.9a (3.1.9a)
\pgf@max=\dimen304
\pgf@sys@shading@range@num=\count489
\pgf@shadingcount=\count490
)
(c:/Users/marion.boisseaux/AppData/Roaming/TinyTeX/texmf-dist/tex/generic/pgf/b
asiclayer/pgfcoreimage.code.tex
File: pgfcoreimage.code.tex 2021/05/15 v3.1.9a (3.1.9a)

(c:/Users/marion.boisseaux/AppData/Roaming/TinyTeX/texmf-dist/tex/generic/pgf/b
asiclayer/pgfcoreexternal.code.tex
File: pgfcoreexternal.code.tex 2021/05/15 v3.1.9a (3.1.9a)
\pgfexternal@startupbox=\box75
))
(c:/Users/marion.boisseaux/AppData/Roaming/TinyTeX/texmf-dist/tex/generic/pgf/b
asiclayer/pgfcorelayers.code.tex
File: pgfcorelayers.code.tex 2021/05/15 v3.1.9a (3.1.9a)
)
(c:/Users/marion.boisseaux/AppData/Roaming/TinyTeX/texmf-dist/tex/generic/pgf/b
asiclayer/pgfcoretransparency.code.tex
File: pgfcoretransparency.code.tex 2021/05/15 v3.1.9a (3.1.9a)
)
(c:/Users/marion.boisseaux/AppData/Roaming/TinyTeX/texmf-dist/tex/generic/pgf/b
asiclayer/pgfcorepatterns.code.tex
File: pgfcorepatterns.code.tex 2021/05/15 v3.1.9a (3.1.9a)
)
(c:/Users/marion.boisseaux/AppData/Roaming/TinyTeX/texmf-dist/tex/generic/pgf/b
asiclayer/pgfcorerdf.code.tex
File: pgfcorerdf.code.tex 2021/05/15 v3.1.9a (3.1.9a)
)))
(c:/Users/marion.boisseaux/AppData/Roaming/TinyTeX/texmf-dist/tex/generic/pgf/m
odules/pgfmoduleshapes.code.tex
File: pgfmoduleshapes.code.tex 2021/05/15 v3.1.9a (3.1.9a)
\pgfnodeparttextbox=\box76
)
(c:/Users/marion.boisseaux/AppData/Roaming/TinyTeX/texmf-dist/tex/generic/pgf/m
odules/pgfmoduleplot.code.tex
File: pgfmoduleplot.code.tex 2021/05/15 v3.1.9a (3.1.9a)
)
(c:/Users/marion.boisseaux/AppData/Roaming/TinyTeX/texmf-dist/tex/latex/pgf/com
patibility/pgfcomp-version-0-65.sty
Package: pgfcomp-version-0-65 2021/05/15 v3.1.9a (3.1.9a)
\pgf@nodesepstart=\dimen305
\pgf@nodesepend=\dimen306
)
(c:/Users/marion.boisseaux/AppData/Roaming/TinyTeX/texmf-dist/tex/latex/pgf/com
patibility/pgfcomp-version-1-18.sty
Package: pgfcomp-version-1-18 2021/05/15 v3.1.9a (3.1.9a)
))
(c:/Users/marion.boisseaux/AppData/Roaming/TinyTeX/texmf-dist/tex/latex/pgf/uti
lities/pgffor.sty
(c:/Users/marion.boisseaux/AppData/Roaming/TinyTeX/texmf-dist/tex/latex/pgf/uti
lities/pgfkeys.sty
(c:/Users/marion.boisseaux/AppData/Roaming/TinyTeX/texmf-dist/tex/generic/pgf/u
tilities/pgfkeys.code.tex))
(c:/Users/marion.boisseaux/AppData/Roaming/TinyTeX/texmf-dist/tex/latex/pgf/mat
h/pgfmath.sty
(c:/Users/marion.boisseaux/AppData/Roaming/TinyTeX/texmf-dist/tex/generic/pgf/m
ath/pgfmath.code.tex))
(c:/Users/marion.boisseaux/AppData/Roaming/TinyTeX/texmf-dist/tex/generic/pgf/u
tilities/pgffor.code.tex
Package: pgffor 2021/05/15 v3.1.9a (3.1.9a)

(c:/Users/marion.boisseaux/AppData/Roaming/TinyTeX/texmf-dist/tex/generic/pgf/m
ath/pgfmath.code.tex)
\pgffor@iter=\dimen307
\pgffor@skip=\dimen308
\pgffor@stack=\toks48
\pgffor@toks=\toks49
))
(c:/Users/marion.boisseaux/AppData/Roaming/TinyTeX/texmf-dist/tex/generic/pgf/f
rontendlayer/tikz/tikz.code.tex
Package: tikz 2021/05/15 v3.1.9a (3.1.9a)

(c:/Users/marion.boisseaux/AppData/Roaming/TinyTeX/texmf-dist/tex/generic/pgf/l
ibraries/pgflibraryplothandlers.code.tex
File: pgflibraryplothandlers.code.tex 2021/05/15 v3.1.9a (3.1.9a)
\pgf@plot@mark@count=\count491
\pgfplotmarksize=\dimen309
)
\tikz@lastx=\dimen310
\tikz@lasty=\dimen311
\tikz@lastxsaved=\dimen312
\tikz@lastysaved=\dimen313
\tikz@lastmovetox=\dimen314
\tikz@lastmovetoy=\dimen315
\tikzleveldistance=\dimen316
\tikzsiblingdistance=\dimen317
\tikz@figbox=\box77
\tikz@figbox@bg=\box78
\tikz@tempbox=\box79
\tikz@tempbox@bg=\box80
\tikztreelevel=\count492
\tikznumberofchildren=\count493
\tikznumberofcurrentchild=\count494
\tikz@fig@count=\count495

(c:/Users/marion.boisseaux/AppData/Roaming/TinyTeX/texmf-dist/tex/generic/pgf/m
odules/pgfmodulematrix.code.tex
File: pgfmodulematrix.code.tex 2021/05/15 v3.1.9a (3.1.9a)
\pgfmatrixcurrentrow=\count496
\pgfmatrixcurrentcolumn=\count497
\pgf@matrix@numberofcolumns=\count498
)
\tikz@expandcount=\count499

(c:/Users/marion.boisseaux/AppData/Roaming/TinyTeX/texmf-dist/tex/generic/pgf/f
rontendlayer/tikz/libraries/tikzlibrarytopaths.code.tex
File: tikzlibrarytopaths.code.tex 2021/05/15 v3.1.9a (3.1.9a)
)))
(c:/Users/marion.boisseaux/AppData/Roaming/TinyTeX/texmf-dist/tex/latex/mdframe
d/mdframed.sty
Package: mdframed 2013/07/01 1.9b: mdframed

(c:/Users/marion.boisseaux/AppData/Roaming/TinyTeX/texmf-dist/tex/latex/zref/zr
ef-abspage.sty
Package: zref-abspage 2020-07-03 v2.32 Module abspage for zref (HO)

(c:/Users/marion.boisseaux/AppData/Roaming/TinyTeX/texmf-dist/tex/latex/zref/zr
ef-base.sty
Package: zref-base 2020-07-03 v2.32 Module base for zref (HO)

(c:/Users/marion.boisseaux/AppData/Roaming/TinyTeX/texmf-dist/tex/generic/kvdef
inekeys/kvdefinekeys.sty
Package: kvdefinekeys 2019-12-19 v1.6 Define keys (HO)
)
(c:/Users/marion.boisseaux/AppData/Roaming/TinyTeX/texmf-dist/tex/generic/etexc
mds/etexcmds.sty
Package: etexcmds 2019/12/15 v1.7 Avoid name clashes with e-TeX commands (HO)
)
(c:/Users/marion.boisseaux/AppData/Roaming/TinyTeX/texmf-dist/tex/latex/auxhook
/auxhook.sty
Package: auxhook 2019-12-17 v1.6 Hooks for auxiliary files (HO)
)
Package zref Info: New property list: main on input line 764.
Package zref Info: New property: default on input line 765.
Package zref Info: New property: page on input line 766.
)
(c:/Users/marion.boisseaux/AppData/Roaming/TinyTeX/texmf-dist/tex/latex/base/at
begshi-ltx.sty
Package: atbegshi-ltx 2021/01/10 v1.0c Emulation of the original atbegshi
package with kernel methods
)
\c@abspage=\count500
Package zref Info: New property: abspage on input line 66.
)
\mdf@templength=\skip281
\c@mdf@globalstyle@cnt=\count501
\mdf@skipabove@length=\skip282
\mdf@skipbelow@length=\skip283
\mdf@leftmargin@length=\skip284
\mdf@rightmargin@length=\skip285
\mdf@innerleftmargin@length=\skip286
\mdf@innerrightmargin@length=\skip287
\mdf@innertopmargin@length=\skip288
\mdf@innerbottommargin@length=\skip289
\mdf@splittopskip@length=\skip290
\mdf@splitbottomskip@length=\skip291
\mdf@outermargin@length=\skip292
\mdf@innermargin@length=\skip293
\mdf@linewidth@length=\skip294
\mdf@innerlinewidth@length=\skip295
\mdf@middlelinewidth@length=\skip296
\mdf@outerlinewidth@length=\skip297
\mdf@roundcorner@length=\skip298
\mdf@footenotedistance@length=\skip299
\mdf@userdefinedwidth@length=\skip300
\mdf@needspace@length=\skip301
\mdf@frametitleaboveskip@length=\skip302
\mdf@frametitlebelowskip@length=\skip303
\mdf@frametitlerulewidth@length=\skip304
\mdf@frametitleleftmargin@length=\skip305
\mdf@frametitlerightmargin@length=\skip306
\mdf@shadowsize@length=\skip307
\mdf@extratopheight@length=\skip308
\mdf@subtitleabovelinewidth@length=\skip309
\mdf@subtitlebelowlinewidth@length=\skip310
\mdf@subtitleaboveskip@length=\skip311
\mdf@subtitlebelowskip@length=\skip312
\mdf@subtitleinneraboveskip@length=\skip313
\mdf@subtitleinnerbelowskip@length=\skip314
\mdf@subsubtitleabovelinewidth@length=\skip315
\mdf@subsubtitlebelowlinewidth@length=\skip316
\mdf@subsubtitleaboveskip@length=\skip317
\mdf@subsubtitlebelowskip@length=\skip318
\mdf@subsubtitleinneraboveskip@length=\skip319
\mdf@subsubtitleinnerbelowskip@length=\skip320

(c:/Users/marion.boisseaux/AppData/Roaming/TinyTeX/texmf-dist/tex/latex/mdframe
d/md-frame-1.mdf
File: md-frame-1.mdf 2013/07/01\ 1.9b: md-frame-1
)
\mdf@frametitlebox=\box81
\mdf@footnotebox=\box82
\mdf@splitbox@one=\box83
\mdf@splitbox@two=\box84
\mdf@splitbox@save=\box85
\mdfsplitboxwidth=\skip321
\mdfsplitboxtotalwidth=\skip322
\mdfsplitboxheight=\skip323
\mdfsplitboxdepth=\skip324
\mdfsplitboxtotalheight=\skip325
\mdfframetitleboxwidth=\skip326
\mdfframetitleboxtotalwidth=\skip327
\mdfframetitleboxheight=\skip328
\mdfframetitleboxdepth=\skip329
\mdfframetitleboxtotalheight=\skip330
\mdffootnoteboxwidth=\skip331
\mdffootnoteboxtotalwidth=\skip332
\mdffootnoteboxheight=\skip333
\mdffootnoteboxdepth=\skip334
\mdffootnoteboxtotalheight=\skip335
\mdftotallinewidth=\skip336
\mdfboundingboxwidth=\skip337
\mdfboundingboxtotalwidth=\skip338
\mdfboundingboxheight=\skip339
\mdfboundingboxdepth=\skip340
\mdfboundingboxtotalheight=\skip341
\mdf@freevspace@length=\skip342
\mdf@horizontalwidthofbox@length=\skip343
\mdf@verticalmarginwhole@length=\skip344
\mdf@horizontalspaceofbox=\skip345
\mdfsubtitleheight=\skip346
\mdfsubsubtitleheight=\skip347
\c@mdfcountframes=\count502

****** mdframed patching \endmdf@trivlist

****** -- success******

\mdf@envdepth=\count503
\c@mdf@env@i=\count504
\c@mdf@env@ii=\count505
\c@mdf@zref@counter=\count506
Package zref Info: New property: mdf@pagevalue on input line 895.
)
(c:/Users/marion.boisseaux/AppData/Roaming/TinyTeX/texmf-dist/tex/generic/pgf/f
rontendlayer/tikz/libraries/tikzlibraryshadows.code.tex
File: tikzlibraryshadows.code.tex 2021/05/15 v3.1.9a (3.1.9a)

(c:/Users/marion.boisseaux/AppData/Roaming/TinyTeX/texmf-dist/tex/generic/pgf/f
rontendlayer/tikz/libraries/tikzlibraryfadings.code.tex
File: tikzlibraryfadings.code.tex 2021/05/15 v3.1.9a (3.1.9a)

(c:/Users/marion.boisseaux/AppData/Roaming/TinyTeX/texmf-dist/tex/generic/pgf/l
ibraries/pgflibraryfadings.code.tex
File: pgflibraryfadings.code.tex 2021/05/15 v3.1.9a (3.1.9a)
)))
(c:/Users/marion.boisseaux/AppData/Roaming/TinyTeX/texmf-dist/tex/generic/pgf/f
rontendlayer/tikz/libraries/tikzlibrarydecorations.pathmorphing.code.tex
(c:/Users/marion.boisseaux/AppData/Roaming/TinyTeX/texmf-dist/tex/generic/pgf/f
rontendlayer/tikz/libraries/tikzlibrarydecorations.code.tex
(c:/Users/marion.boisseaux/AppData/Roaming/TinyTeX/texmf-dist/tex/generic/pgf/m
odules/pgfmoduledecorations.code.tex
\pgfdecoratedcompleteddistance=\dimen318
\pgfdecoratedremainingdistance=\dimen319
\pgfdecoratedinputsegmentcompleteddistance=\dimen320
\pgfdecoratedinputsegmentremainingdistance=\dimen321
\pgf@decorate@distancetomove=\dimen322
\pgf@decorate@repeatstate=\count507
\pgfdecorationsegmentamplitude=\dimen323
\pgfdecorationsegmentlength=\dimen324
)
\tikz@lib@dec@box=\box86
)
(c:/Users/marion.boisseaux/AppData/Roaming/TinyTeX/texmf-dist/tex/generic/pgf/l
ibraries/decorations/pgflibrarydecorations.pathmorphing.code.tex))
(c:/Users/marion.boisseaux/AppData/Roaming/TinyTeX/texmf-dist/tex/generic/iftex
/ifpdf.sty
Package: ifpdf 2019/10/25 v3.4 ifpdf legacy package. Use iftex instead.
)
Invalid UTF-8 byte or sequence at line 164 replaced by U+FFFD.
Invalid UTF-8 byte or sequence at line 164 replaced by U+FFFD.
Invalid UTF-8 byte or sequence at line 201 replaced by U+FFFD.
\c@bclogocompteur=\count508
\bcval@epBarre=\skip348
\bcval@framesep=\skip349
\bcval@tailleOndu=\skip350
\bcval@borderWidth=\skip351
Invalid UTF-8 byte or sequence at line 216 replaced by U+FFFD.
\bcval@margeG=\skip352
Invalid UTF-8 byte or sequence at line 217 replaced by U+FFFD.
Invalid UTF-8 byte or sequence at line 217 replaced by U+FFFD.
\bcval@margeD=\skip353
\bc@envbox=\box87
Invalid UTF-8 byte or sequence at line 334 replaced by U+FFFD.
Invalid UTF-8 byte or sequence at line 454 replaced by U+FFFD.
Invalid UTF-8 byte or sequence at line 454 replaced by U+FFFD.
Invalid UTF-8 byte or sequence at line 454 replaced by U+FFFD.
)
(c:/Users/marion.boisseaux/AppData/Roaming/TinyTeX/texmf-dist/tex/latex/marginf
ix/marginfix.sty
Package: marginfix 2020/05/06 v1.2 Fix Margin Paragraphs
\Mfx@inject@insert=\insert247
\Mfx@marginbox=\box88
\Mfx@marginpos@min=\dimen325
\Mfx@marginpos@max=\dimen326
\Mfx@marginspace=\dimen327
\Mfx@marginheight=\dimen328
\Mfx@piece@content=\box89
\Mfx@piece@count=\count509
\Mfx@mparshift=\dimen329
\marginheightadjustment=\dimen330
\marginposadjustment=\dimen331
\Mfx@strutheight=\dimen332
)
(c:/Users/marion.boisseaux/AppData/Roaming/TinyTeX/texmf-dist/tex/latex/tools/c
alc.sty
Package: calc 2017/05/25 v4.3 Infix arithmetic (KKT,FJ)
\calc@Acount=\count510
\calc@Bcount=\count511
\calc@Adimen=\dimen333
\calc@Bdimen=\dimen334
\calc@Askip=\skip354
\calc@Bskip=\skip355
LaTeX Info: Redefining \setlength on input line 80.
LaTeX Info: Redefining \addtolength on input line 81.
\calc@Ccount=\count512
\calc@Cskip=\skip356
)
\widthw=\skip357
\rf=\skip358

(c:/Users/marion.boisseaux/AppData/Roaming/TinyTeX/texmf-dist/tex/latex/textpos
/textpos.sty
Package: textpos 2020/09/26 v1.10
Package: textpos 2020/09/26 1.10, absolute positioning of text on the page
Package textpos Info: choosing support for LaTeX3 on input line 61.
\TP@textbox=\box90
\TP@holdbox=\box91
\TPHorizModule=\dimen335
\TPVertModule=\dimen336
\TP@margin=\dimen337
\TP@absmargin=\dimen338
Grid set 16 x 16 = 37.34424pt x 52.81541pt
\TPboxrulesize=\dimen339
\TP@ox=\dimen340
\TP@oy=\dimen341
\TP@tbargs=\toks50
TextBlockOrigin set to 0pt x 0pt
)
(c:/Users/marion.boisseaux/AppData/Roaming/TinyTeX/texmf-dist/tex/latex/pdfpage
s/pdfpages.sty
Package: pdfpages 2021/03/06 v0.5t Insert pages of external PDF documents (AM)

(c:/Users/marion.boisseaux/AppData/Roaming/TinyTeX/texmf-dist/tex/latex/eso-pic
/eso-pic.sty
Package: eso-pic 2020/10/14 v3.0a eso-pic (RN)
\ESO@tempdima=\dimen342
\ESO@tempdimb=\dimen343
)
\AM@pagewidth=\dimen344
\AM@pageheight=\dimen345
\AM@fboxrule=\dimen346

(c:/Users/marion.boisseaux/AppData/Roaming/TinyTeX/texmf-dist/tex/latex/pdfpage
s/ppxetex.def
File: ppxetex.def 2021/03/06 v0.5t Pdfpages driver for XeTeX (AM)
)
\pdfpages@includegraphics@status=\count513
\AM@pagebox=\box92
\AM@global@opts=\toks51
\AM@pagecnt=\count514
\AM@toc@title=\toks52
\c@AM@survey=\count515
\AM@templatesizebox=\box93
)
(c:/Users/marion.boisseaux/AppData/Roaming/TinyTeX/texmf-dist/tex/latex/csquote
s/csquotes.sty
Package: csquotes 2021-02-22 v5.2l context-sensitive quotations (JAW)
\csq@reset=\count516
\csq@gtype=\count517
\csq@glevel=\count518
\csq@qlevel=\count519
\csq@maxlvl=\count520
\csq@tshold=\count521
\csq@ltx@everypar=\toks53

(c:/Users/marion.boisseaux/AppData/Roaming/TinyTeX/texmf-dist/tex/latex/csquote
s/csquotes.def
File: csquotes.def 2021-02-22 v5.2l csquotes generic definitions (JAW)
)
Package csquotes Info: Trying to load configuration file 'csquotes.cfg'...
Package csquotes Info: ... configuration file loaded successfully.

(c:/Users/marion.boisseaux/AppData/Roaming/TinyTeX/texmf-dist/tex/latex/csquote
s/csquotes.cfg
File: csquotes.cfg 
)
Package csquotes Info: Enabling strict warnings.
Package csquotes Info: Enabling multilingual quotes.
)
(c:/Users/marion.boisseaux/AppData/Roaming/TinyTeX/texmf-dist/tex/latex/hyperre
f/hyperref.sty
Package: hyperref 2021-06-07 v7.00m Hypertext links for LaTeX

(c:/Users/marion.boisseaux/AppData/Roaming/TinyTeX/texmf-dist/tex/generic/pdfes
cape/pdfescape.sty
Package: pdfescape 2019/12/09 v1.15 Implements pdfTeX's escape features (HO)
)
(c:/Users/marion.boisseaux/AppData/Roaming/TinyTeX/texmf-dist/tex/latex/hycolor
/hycolor.sty
Package: hycolor 2020-01-27 v1.10 Color options for hyperref/bookmark (HO)
)
(c:/Users/marion.boisseaux/AppData/Roaming/TinyTeX/texmf-dist/tex/latex/letltxm
acro/letltxmacro.sty
Package: letltxmacro 2019/12/03 v1.6 Let assignment for LaTeX macros (HO)
)
\@linkdim=\dimen347
\Hy@linkcounter=\count522
\Hy@pagecounter=\count523

(c:/Users/marion.boisseaux/AppData/Roaming/TinyTeX/texmf-dist/tex/latex/hyperre
f/pd1enc.def
File: pd1enc.def 2021-06-07 v7.00m Hyperref: PDFDocEncoding definition (HO)
)
(c:/Users/marion.boisseaux/AppData/Roaming/TinyTeX/texmf-dist/tex/latex/hyperre
f/hyperref-langpatches.def
File: hyperref-langpatches.def 2021-06-07 v7.00m Hyperref: patches for babel la
nguages
)
(c:/Users/marion.boisseaux/AppData/Roaming/TinyTeX/texmf-dist/tex/generic/intca
lc/intcalc.sty
Package: intcalc 2019/12/15 v1.3 Expandable calculations with integers (HO)
)
\Hy@SavedSpaceFactor=\count524

(c:/Users/marion.boisseaux/AppData/Roaming/TinyTeX/texmf-dist/tex/latex/hyperre
f/puenc.def
File: puenc.def 2021-06-07 v7.00m Hyperref: PDF Unicode definition (HO)
)
Package hyperref Info: Option `unicode' set `true' on input line 4073.
Package hyperref Info: Hyper figures OFF on input line 4192.
Package hyperref Info: Link nesting OFF on input line 4197.
Package hyperref Info: Hyper index ON on input line 4200.
Package hyperref Info: Plain pages OFF on input line 4207.
Package hyperref Info: Backreferencing OFF on input line 4212.
Package hyperref Info: Implicit mode ON; LaTeX internals redefined.
Package hyperref Info: Bookmarks ON on input line 4445.
\c@Hy@tempcnt=\count525
LaTeX Info: Redefining \url on input line 4804.
\XeTeXLinkMargin=\dimen348

(c:/Users/marion.boisseaux/AppData/Roaming/TinyTeX/texmf-dist/tex/generic/bitse
t/bitset.sty
Package: bitset 2019/12/09 v1.3 Handle bit-vector datatype (HO)

(c:/Users/marion.boisseaux/AppData/Roaming/TinyTeX/texmf-dist/tex/generic/bigin
tcalc/bigintcalc.sty
Package: bigintcalc 2019/12/15 v1.5 Expandable calculations on big integers (HO
)
))
\Fld@menulength=\count526
\Field@Width=\dimen349
\Fld@charsize=\dimen350
Package hyperref Info: Hyper figures OFF on input line 6076.
Package hyperref Info: Link nesting OFF on input line 6081.
Package hyperref Info: Hyper index ON on input line 6084.
Package hyperref Info: backreferencing OFF on input line 6091.
Package hyperref Info: Link coloring OFF on input line 6096.
Package hyperref Info: Link coloring with OCG OFF on input line 6101.
Package hyperref Info: PDF/A mode OFF on input line 6106.
LaTeX Info: Redefining \ref on input line 6146.
LaTeX Info: Redefining \pageref on input line 6150.
\Hy@abspage=\count527
\c@Item=\count528
\c@Hfootnote=\count529
)
(c:/Users/marion.boisseaux/AppData/Roaming/TinyTeX/texmf-dist/tex/latex/memoir/
memhfixc.sty
Package: memhfixc 2021/06/16 v1.19 nameref/hyperref package fixes for memoir cl
ass
\c@memhycontfloat=\count530
\c@Hpagenote=\count531
)
Package hyperref Info: Driver (autodetected): hxetex.

(c:/Users/marion.boisseaux/AppData/Roaming/TinyTeX/texmf-dist/tex/latex/hyperre
f/hxetex.def
File: hxetex.def 2021-06-07 v7.00m Hyperref driver for XeTeX

(c:/Users/marion.boisseaux/AppData/Roaming/TinyTeX/texmf-dist/tex/generic/strin
genc/stringenc.sty
Package: stringenc 2019/11/29 v1.12 Convert strings between diff. encodings (HO
)
)
\pdfm@box=\box94
\c@Hy@AnnotLevel=\count532
\HyField@AnnotCount=\count533
\Fld@listcount=\count534
\c@bookmark@seq@number=\count535

(c:/Users/marion.boisseaux/AppData/Roaming/TinyTeX/texmf-dist/tex/latex/rerunfi
lecheck/rerunfilecheck.sty
Package: rerunfilecheck 2019/12/05 v1.9 Rerun checks for auxiliary files (HO)

(c:/Users/marion.boisseaux/AppData/Roaming/TinyTeX/texmf-dist/tex/latex/base/at
veryend-ltx.sty
Package: atveryend-ltx 2020/08/19 v1.0a Emulation of the original atvery packag
e
with kernel methods
)
(c:/Users/marion.boisseaux/AppData/Roaming/TinyTeX/texmf-dist/tex/generic/uniqu
ecounter/uniquecounter.sty
Package: uniquecounter 2019/12/15 v1.4 Provide unlimited unique counter (HO)
)
Package uniquecounter Info: New unique counter `rerunfilecheck' on input line 2
86.
)
\Hy@SectionHShift=\skip359
)
Package hyperref Info: Option `colorlinks' set `true' on input line 271.
Package hyperref Info: Option `breaklinks' set `true' on input line 271.

(c:/Users/marion.boisseaux/AppData/Roaming/TinyTeX/texmf-dist/tex/generic/soul/
soul.sty
Package: soul 2003/11/17 v2.4 letterspacing/underlining (mf)
\SOUL@word=\toks54
\SOUL@lasttoken=\toks55
\SOUL@cmds=\toks56
\SOUL@buffer=\toks57
\SOUL@token=\toks58
\SOUL@spaceskip=\skip360
\SOUL@ttwidth=\dimen351
\SOUL@uldp=\dimen352
\SOUL@ulht=\dimen353
)
\dlf@normtxtw=\skip361
\feline@chapter=\box95
Package csquotes Info: Checking for multilingual support...
Package csquotes Info: ... found 'polyglossia' package.
No file MyBook.aux.
\openout1 = `MyBook.aux'.

LaTeX Font Info:    Checking defaults for OML/cmm/m/it on input line 335.
LaTeX Font Info:    ... okay on input line 335.
LaTeX Font Info:    Checking defaults for OMS/cmsy/m/n on input line 335.
LaTeX Font Info:    ... okay on input line 335.
LaTeX Font Info:    Checking defaults for OT1/cmr/m/n on input line 335.
LaTeX Font Info:    ... okay on input line 335.
LaTeX Font Info:    Checking defaults for T1/cmr/m/n on input line 335.
LaTeX Font Info:    ... okay on input line 335.
LaTeX Font Info:    Checking defaults for TS1/cmr/m/n on input line 335.
LaTeX Font Info:    ... okay on input line 335.
LaTeX Font Info:    Checking defaults for TU/lmr/m/n on input line 335.
LaTeX Font Info:    ... okay on input line 335.
LaTeX Font Info:    Checking defaults for OMX/cmex/m/n on input line 335.
LaTeX Font Info:    ... okay on input line 335.
LaTeX Font Info:    Checking defaults for U/cmr/m/n on input line 335.
LaTeX Font Info:    ... okay on input line 335.
LaTeX Font Info:    Checking defaults for PD1/pdf/m/n on input line 335.
LaTeX Font Info:    ... okay on input line 335.
LaTeX Font Info:    Checking defaults for PU/pdf/m/n on input line 335.
LaTeX Font Info:    ... okay on input line 335.
LaTeX Font Info:    Overwriting math alphabet `\mathrm' in version `normal'
(Font)                  OT1/lmr/m/n --> TU/lmr/m/n on input line 335.
LaTeX Font Info:    Overwriting math alphabet `\mathit' in version `normal'
(Font)                  OT1/lmr/m/it --> TU/lmr/m/it on input line 335.
LaTeX Font Info:    Overwriting math alphabet `\mathbf' in version `normal'
(Font)                  OT1/lmr/bx/n --> TU/lmr/bx/n on input line 335.
LaTeX Font Info:    Overwriting math alphabet `\mathsf' in version `normal'
(Font)                  OT1/lmss/m/n --> TU/lmss/m/n on input line 335.
LaTeX Font Info:    Overwriting math alphabet `\mathsf' in version `bold'
(Font)                  OT1/lmss/bx/n --> TU/lmss/bx/n on input line 335.
LaTeX Font Info:    Overwriting math alphabet `\mathtt' in version `normal'
(Font)                  OT1/lmtt/m/n --> TU/lmtt/m/n on input line 335.
LaTeX Font Info:    Overwriting math alphabet `\mathtt' in version `bold'
(Font)                  OT1/lmtt/m/n --> TU/lmtt/bx/n on input line 335.

Package fontspec Info: latinmodern-math scale = 0.9999970497384594.


Package fontspec Info: latinmodern-math scale = 0.9999970497384594.


Package fontspec Info: latinmodern-math scale = 0.9999970497384594.


Package fontspec Info: Font family 'latinmodern-math.otf(0)' created for font
(fontspec)             'latinmodern-math.otf' with options
(fontspec)             [Scale=MatchLowercase,BoldItalicFont={},ItalicFont={},Sm
allCapsFont={},Script=Math,BoldFont={latinmodern-math.otf}].
(fontspec)              
(fontspec)              This font family consists of the following NFSS
(fontspec)             series/shapes:
(fontspec)              
(fontspec)             - 'normal' (m/n) with NFSS spec.:
(fontspec)             <->s*[0.9999970497384594]"[latinmodern-math.otf]/OT:scri
pt=math;language=dflt;"
(fontspec)             - 'small caps'  (m/sc) with NFSS spec.: 
(fontspec)             - 'bold' (b/n) with NFSS spec.:
(fontspec)             <->s*[0.9999970497384594]"[latinmodern-math.otf]/OT:scri
pt=math;language=dflt;"
(fontspec)             - 'bold small caps'  (b/sc) with NFSS spec.: 

LaTeX Font Info:    Font shape `TU/latinmodern-math.otf(0)/m/n' will be
(Font)              scaled to size 12.0pt on input line 335.

Package fontspec Info: latinmodern-math scale = 0.9999970497384594.


Package fontspec Info: latinmodern-math scale = 0.9999970497384594.


Package fontspec Info: latinmodern-math scale = 0.9999970497384594.


Package fontspec Info: latinmodern-math scale = 0.9999970497384594.


Package fontspec Info: latinmodern-math scale = 0.9999970497384594.


Package fontspec Info: Font family 'latinmodern-math.otf(1)' created for font
(fontspec)             'latinmodern-math.otf' with options
(fontspec)             [Scale=MatchLowercase,BoldItalicFont={},ItalicFont={},Sm
allCapsFont={},Script=Math,SizeFeatures={{Size=10.2-},{Size=7.2-10.2,Font=latin
modern-math.otf,Style=MathScript},{Size=-7.2,Font=latinmodern-math.otf,Style=Ma
thScriptScript}},BoldFont={latinmodern-math.otf}].
(fontspec)              
(fontspec)              This font family consists of the following NFSS
(fontspec)             series/shapes:
(fontspec)              
(fontspec)             - 'normal' (m/n) with NFSS spec.:
(fontspec)             <10.2->s*[0.9999970497384594]"[latinmodern-math.otf]/OT:
script=math;language=dflt;"<7.2-10.2>s*[0.9999970497384594]"[latinmodern-math.o
tf]/OT:script=math;language=dflt;+ssty=0;"<-7.2>s*[0.9999970497384594]"[latinmo
dern-math.otf]/OT:script=math;language=dflt;+ssty=1;"
(fontspec)             - 'small caps'  (m/sc) with NFSS spec.: 
(fontspec)             - 'bold' (b/n) with NFSS spec.:
(fontspec)             <->s*[0.9999970497384594]"[latinmodern-math.otf]/OT:scri
pt=math;language=dflt;"
(fontspec)             - 'bold small caps'  (b/sc) with NFSS spec.: 

LaTeX Font Info:    Font shape `TU/latinmodern-math.otf(1)/m/n' will be
(Font)              scaled to size 12.0pt on input line 335.
LaTeX Font Info:    Encoding `OT1' has changed to `TU' for symbol font
(Font)              `operators' in the math version `normal' on input line 335.

LaTeX Font Info:    Overwriting symbol font `operators' in version `normal'
(Font)                  OT1/lmr/m/n --> TU/latinmodern-math.otf(1)/m/n on input
 line 335.
LaTeX Font Info:    Encoding `OT1' has changed to `TU' for symbol font
(Font)              `operators' in the math version `bold' on input line 335.
LaTeX Font Info:    Overwriting symbol font `operators' in version `bold'
(Font)                  OT1/lmr/bx/n --> TU/latinmodern-math.otf(1)/b/n on inpu
t line 335.

Package fontspec Info: latinmodern-math scale = 0.9999970497384594.


Package fontspec Info: latinmodern-math scale = 1.000097049443433.


Package fontspec Info: latinmodern-math scale = 0.9999970497384594.


Package fontspec Info: latinmodern-math scale = 1.000097049443433.


Package fontspec Info: latinmodern-math scale = 0.9999970497384594.


Package fontspec Info: latinmodern-math scale = 1.000097049443433.


Package fontspec Info: latinmodern-math scale = 0.9999970497384594.


Package fontspec Info: latinmodern-math scale = 1.000097049443433.


Package fontspec Info: latinmodern-math scale = 0.9999970497384594.


Package fontspec Info: latinmodern-math scale = 1.000097049443433.


Package fontspec Info: Font family 'latinmodern-math.otf(2)' created for font
(fontspec)             'latinmodern-math.otf' with options
(fontspec)             [Scale=MatchLowercase,BoldItalicFont={},ItalicFont={},Sm
allCapsFont={},Script=Math,SizeFeatures={{Size=10.2-},{Size=7.2-10.2,Font=latin
modern-math.otf,Style=MathScript},{Size=-7.2,Font=latinmodern-math.otf,Style=Ma
thScriptScript}},BoldFont={latinmodern-math.otf},ScaleAgain=1.0001,FontAdjustme
nt={\fontdimen
(fontspec)             8\font =8.124pt\relax \fontdimen 9\font =4.728pt\relax
(fontspec)             \fontdimen 10\font =5.328pt\relax \fontdimen 11\font
(fontspec)             =8.232pt\relax \fontdimen 12\font =4.14pt\relax
(fontspec)             \fontdimen 13\font =4.356pt\relax \fontdimen 14\font
(fontspec)             =4.356pt\relax \fontdimen 15\font =3.468pt\relax
(fontspec)             \fontdimen 16\font =2.964pt\relax \fontdimen 17\font
(fontspec)             =2.964pt\relax \fontdimen 18\font =3.0pt\relax
(fontspec)             \fontdimen 19\font =2.4pt\relax \fontdimen 22\font
(fontspec)             =3.0pt\relax \fontdimen 20\font =0pt\relax \fontdimen
(fontspec)             21\font =0pt\relax }].
(fontspec)              
(fontspec)              This font family consists of the following NFSS
(fontspec)             series/shapes:
(fontspec)              
(fontspec)             - 'normal' (m/n) with NFSS spec.:
(fontspec)             <10.2->s*[1.000097049443433]"[latinmodern-math.otf]/OT:s
cript=math;language=dflt;"<7.2-10.2>s*[1.000097049443433]"[latinmodern-math.otf
]/OT:script=math;language=dflt;+ssty=0;"<-7.2>s*[1.000097049443433]"[latinmoder
n-math.otf]/OT:script=math;language=dflt;+ssty=1;"
(fontspec)             - 'small caps'  (m/sc) with NFSS spec.: 
(fontspec)             and font adjustment code:
(fontspec)             \fontdimen 8\font =8.124pt\relax \fontdimen 9\font
(fontspec)             =4.728pt\relax \fontdimen 10\font =5.328pt\relax
(fontspec)             \fontdimen 11\font =8.232pt\relax \fontdimen 12\font
(fontspec)             =4.14pt\relax \fontdimen 13\font =4.356pt\relax
(fontspec)             \fontdimen 14\font =4.356pt\relax \fontdimen 15\font
(fontspec)             =3.468pt\relax \fontdimen 16\font =2.964pt\relax
(fontspec)             \fontdimen 17\font =2.964pt\relax \fontdimen 18\font
(fontspec)             =3.0pt\relax \fontdimen 19\font =2.4pt\relax \fontdimen
(fontspec)             22\font =3.0pt\relax \fontdimen 20\font =0pt\relax
(fontspec)             \fontdimen 21\font =0pt\relax 
(fontspec)             - 'bold' (b/n) with NFSS spec.:
(fontspec)             <->s*[1.000097049443433]"[latinmodern-math.otf]/OT:scrip
t=math;language=dflt;"
(fontspec)             - 'bold small caps'  (b/sc) with NFSS spec.: 
(fontspec)             and font adjustment code:
(fontspec)             \fontdimen 8\font =8.124pt\relax \fontdimen 9\font
(fontspec)             =4.728pt\relax \fontdimen 10\font =5.328pt\relax
(fontspec)             \fontdimen 11\font =8.232pt\relax \fontdimen 12\font
(fontspec)             =4.14pt\relax \fontdimen 13\font =4.356pt\relax
(fontspec)             \fontdimen 14\font =4.356pt\relax \fontdimen 15\font
(fontspec)             =3.468pt\relax \fontdimen 16\font =2.964pt\relax
(fontspec)             \fontdimen 17\font =2.964pt\relax \fontdimen 18\font
(fontspec)             =3.0pt\relax \fontdimen 19\font =2.4pt\relax \fontdimen
(fontspec)             22\font =3.0pt\relax \fontdimen 20\font =0pt\relax
(fontspec)             \fontdimen 21\font =0pt\relax 

LaTeX Font Info:    Encoding `OMS' has changed to `TU' for symbol font
(Font)              `symbols' in the math version `normal' on input line 335.
LaTeX Font Info:    Overwriting symbol font `symbols' in version `normal'
(Font)                  OMS/lmsy/m/n --> TU/latinmodern-math.otf(2)/m/n on inpu
t line 335.
LaTeX Font Info:    Encoding `OMS' has changed to `TU' for symbol font
(Font)              `symbols' in the math version `bold' on input line 335.
LaTeX Font Info:    Overwriting symbol font `symbols' in version `bold'
(Font)                  OMS/lmsy/b/n --> TU/latinmodern-math.otf(2)/b/n on inpu
t line 335.

Package fontspec Info: latinmodern-math scale = 0.9999970497384594.


Package fontspec Info: latinmodern-math scale = 0.9998970500334856.


Package fontspec Info: latinmodern-math scale = 0.9999970497384594.


Package fontspec Info: latinmodern-math scale = 0.9998970500334856.


Package fontspec Info: latinmodern-math scale = 0.9999970497384594.


Package fontspec Info: latinmodern-math scale = 0.9998970500334856.


Package fontspec Info: latinmodern-math scale = 0.9999970497384594.


Package fontspec Info: latinmodern-math scale = 0.9998970500334856.


Package fontspec Info: latinmodern-math scale = 0.9999970497384594.


Package fontspec Info: latinmodern-math scale = 0.9998970500334856.


Package fontspec Info: Font family 'latinmodern-math.otf(3)' created for font
(fontspec)             'latinmodern-math.otf' with options
(fontspec)             [Scale=MatchLowercase,BoldItalicFont={},ItalicFont={},Sm
allCapsFont={},Script=Math,SizeFeatures={{Size=10.2-},{Size=7.2-10.2,Font=latin
modern-math.otf,Style=MathScript},{Size=-7.2,Font=latinmodern-math.otf,Style=Ma
thScriptScript}},BoldFont={latinmodern-math.otf},ScaleAgain=0.9999,FontAdjustme
nt={\fontdimen
(fontspec)             8\font =0.48pt\relax \fontdimen 9\font =2.4pt\relax
(fontspec)             \fontdimen 10\font =2.004pt\relax \fontdimen 11\font
(fontspec)             =1.332pt\relax \fontdimen 12\font =7.2pt\relax
(fontspec)             \fontdimen 13\font =0pt\relax }].
(fontspec)              
(fontspec)              This font family consists of the following NFSS
(fontspec)             series/shapes:
(fontspec)              
(fontspec)             - 'normal' (m/n) with NFSS spec.:
(fontspec)             <10.2->s*[0.9998970500334856]"[latinmodern-math.otf]/OT:
script=math;language=dflt;"<7.2-10.2>s*[0.9998970500334856]"[latinmodern-math.o
tf]/OT:script=math;language=dflt;+ssty=0;"<-7.2>s*[0.9998970500334856]"[latinmo
dern-math.otf]/OT:script=math;language=dflt;+ssty=1;"
(fontspec)             - 'small caps'  (m/sc) with NFSS spec.: 
(fontspec)             and font adjustment code:
(fontspec)             \fontdimen 8\font =0.48pt\relax \fontdimen 9\font
(fontspec)             =2.4pt\relax \fontdimen 10\font =2.004pt\relax
(fontspec)             \fontdimen 11\font =1.332pt\relax \fontdimen 12\font
(fontspec)             =7.2pt\relax \fontdimen 13\font =0pt\relax 
(fontspec)             - 'bold' (b/n) with NFSS spec.:
(fontspec)             <->s*[0.9998970500334856]"[latinmodern-math.otf]/OT:scri
pt=math;language=dflt;"
(fontspec)             - 'bold small caps'  (b/sc) with NFSS spec.: 
(fontspec)             and font adjustment code:
(fontspec)             \fontdimen 8\font =0.48pt\relax \fontdimen 9\font
(fontspec)             =2.4pt\relax \fontdimen 10\font =2.004pt\relax
(fontspec)             \fontdimen 11\font =1.332pt\relax \fontdimen 12\font
(fontspec)             =7.2pt\relax \fontdimen 13\font =0pt\relax 

LaTeX Font Info:    Encoding `OMX' has changed to `TU' for symbol font
(Font)              `largesymbols' in the math version `normal' on input line 3
35.
LaTeX Font Info:    Overwriting symbol font `largesymbols' in version `normal'
(Font)                  OMX/lmex/m/n --> TU/latinmodern-math.otf(3)/m/n on inpu
t line 335.
LaTeX Font Info:    Encoding `OMX' has changed to `TU' for symbol font
(Font)              `largesymbols' in the math version `bold' on input line 335
.
LaTeX Font Info:    Overwriting symbol font `largesymbols' in version `bold'
(Font)                  OMX/lmex/m/n --> TU/latinmodern-math.otf(3)/b/n on inpu
t line 335.
LaTeX Info: Redefining \microtypecontext on input line 335.
Package microtype Info: Character protrusion enabled (level 2).
Package microtype Info: Using protrusion set `basicmath'.
Package microtype Info: No adjustment of tracking.
Package microtype Info: No adjustment of spacing.
Package microtype Info: No adjustment of kerning.

(c:/Users/marion.boisseaux/AppData/Roaming/TinyTeX/texmf-dist/tex/latex/microty
pe/mt-LatinModernRoman.cfg
File: mt-LatinModernRoman.cfg 2021/02/21 v1.1 microtype config. file: Latin Mod
ern Roman (RS)
)
Package biblatex Info: Trying to load language 'american'...
Package biblatex Info: ... file 'american.lbx' found.

(c:/Users/marion.boisseaux/AppData/Roaming/TinyTeX/texmf-dist/tex/latex/biblate
x/lbx/american.lbx
File: american.lbx 2020/12/31 v3.16 biblatex localization (PK/MW)
Package biblatex Info: Trying to load language 'english'...
Package biblatex Info: ... file 'english.lbx' found.

(c:/Users/marion.boisseaux/AppData/Roaming/TinyTeX/texmf-dist/tex/latex/biblate
x/lbx/english.lbx
File: english.lbx 2020/12/31 v3.16 biblatex localization (PK/MW)
)
Package biblatex Info: Trying to load language 'english'...
Package biblatex Info: ... file 'english.lbx' found.

(c:/Users/marion.boisseaux/AppData/Roaming/TinyTeX/texmf-dist/tex/latex/biblate
x/lbx/english.lbx
File: english.lbx 2020/12/31 v3.16 biblatex localization (PK/MW)
))
Package biblatex Info: Trying to load language 'french'...
Package biblatex Info: ... file 'french.lbx' found.

(c:/Users/marion.boisseaux/AppData/Roaming/TinyTeX/texmf-dist/tex/latex/biblate
x/lbx/french.lbx
File: french.lbx 2020/12/31 v3.16 biblatex localization (PK/MW)
)
Package biblatex Info: Trying to load language 'italian'...
Package biblatex Info: ... file 'italian.lbx' found.

(c:/Users/marion.boisseaux/AppData/Roaming/TinyTeX/texmf-dist/tex/latex/biblate
x/lbx/italian.lbx
File: italian.lbx 2020/12/31 v3.16 biblatex localization (PK/MW)
)
Package biblatex Info: XeTeX detected.
(biblatex)             Assuming input encoding 'utf8'.
Package biblatex Info: Automatic encoding selection.
(biblatex)             Assuming data encoding 'utf8'.
Package biblatex Info: Document encoding is UTF8 ....
Package biblatex Info: ... and expl3
(biblatex)             2021-10-18 L3 programming layer (loader) 
(biblatex)             is new enough (at least 2020/04/06),
(biblatex)             setting 'casechanger=expl3'.

(c:/Users/marion.boisseaux/AppData/Roaming/TinyTeX/texmf-dist/tex/latex/biblate
x/blx-case-expl3.sty
Package: blx-case-expl3 2020/12/31 v3.16 expl3 case changing code for biblatex
)
\openout4 = `MyBook.bcf'.

Package biblatex Info: Trying to load bibliographic data...
Package biblatex Info: ... file 'MyBook.bbl' not found.
No file MyBook.bbl.
Package biblatex Info: Reference section=0 on input line 335.
Package biblatex Info: Reference segment=0 on input line 335.

(c:/Users/marion.boisseaux/AppData/Roaming/TinyTeX/texmf-dist/tex/latex/pdflsca
pe/pdflscape.sty
Package: pdflscape 2019/12/05 v0.12 Display of landscape pages in PDF (HO)

(c:/Users/marion.boisseaux/AppData/Roaming/TinyTeX/texmf-dist/tex/latex/graphic
s/lscape.sty
Package: lscape 2020/05/28 v3.02 Landscape Pages (DPC)
)
Package pdflscape Info: Auto-detected driver: dvipdfm (xetex) on input line 98.

)
Package hyperref Info: Link coloring ON on input line 335.

(c:/Users/marion.boisseaux/AppData/Roaming/TinyTeX/texmf-dist/tex/latex/hyperre
f/nameref.sty
Package: nameref 2021-04-02 v2.47 Cross-referencing by name of section

(c:/Users/marion.boisseaux/AppData/Roaming/TinyTeX/texmf-dist/tex/latex/refcoun
t/refcount.sty
Package: refcount 2019/12/15 v3.6 Data extraction from label references (HO)
)
(c:/Users/marion.boisseaux/AppData/Roaming/TinyTeX/texmf-dist/tex/generic/getti
tlestring/gettitlestring.sty
Package: gettitlestring 2019/12/15 v1.6 Cleanup title references (HO)
)
\c@section@level=\count536
)
Redoing nameref's sectioning
Redoing nameref's label
LaTeX Info: Redefining \nameref on input line 335.
LaTeX Info: Redefining \ref on input line 335.
LaTeX Info: Redefining \pageref on input line 335.
LaTeX Info: Redefining \nameref on input line 335.
\@outlinefile=\write6
\openout6 = `MyBook.out'.


Package hyperref Warning: Rerun to get /PageLabels entry.

Package polyglossia Info: Option: English, variant=american.
Package polyglossia Info: Option: English, variant=american.
LaTeX Info: Redefining \rmfamily on input line 335.
LaTeX Info: Redefining \sffamily on input line 335.
LaTeX Info: Redefining \ttfamily on input line 335.
Package polyglossia Info: Option: English, variant=american.
Package polyglossia Info: Option: English, variant=american.

! Package pdfpages Error: Cannot find file `images/mariono.pdf'.

See the pdfpages package documentation for explanation.
Type  H <return>  for immediate help.
 ...                                              
                                                  
l.341 \includepdf[pages=1]{images/mariono.pdf}
                                               
Here is how much of TeX's memory you used:
 42961 strings out of 478472
 843915 string characters out of 5858878
 1807641 words of memory out of 5000000
 62660 multiletter control sequences out of 15000+600000
 413358 words of font info for 38 fonts, out of 8000000 for 9000
 16 hyphenation exceptions out of 8191
 99i,2n,120p,1151b,3688s stack positions out of 5000i,500n,10000p,200000b,80000s

No pages of output.
