\BOOKMARK [0][-]{section*.1}{\376\377\000C\000o\000n\000t\000e\000n\000t\000s}{}% 1
\BOOKMARK [0][-]{chapter*.2}{\376\377\000T\000i\000t\000l\000e\000\040\000p\000a\000g\000e\040\046}{}% 2
\BOOKMARK [0][-]{chapter*.3}{\376\377\000I\000n\000t\000r\000o\000d\000u\000c\000t\000i\000o\000n}{}% 3
\BOOKMARK [0][-]{chapter*.4}{\376\377\000H\000a\000n\000d\000b\000o\000o\000k\000\040\000a\000r\000c\000h\000i\000t\000e\000c\000t\000u\000r\000e}{}% 4
\BOOKMARK [1][-]{section*.5}{\376\377\000M\000o\000r\000p\000h\000o\000-\000a\000n\000a\000t\000o\000m\000y}{chapter*.4}% 5
\BOOKMARK [1][-]{section*.6}{\376\377\000H\000y\000d\000r\000a\000u\000l\000i\000c\000s}{chapter*.4}% 6
\BOOKMARK [1][-]{section*.7}{\376\377\000F\000l\000u\000o\000r\000e\000s\000c\000e\000n\000c\000e}{chapter*.4}% 7
\BOOKMARK [1][-]{section*.8}{\376\377\000F\000l\000u\000x\000e\000s\000\040\000a\000n\000d\000\040\000g\000a\000z\000\040\000e\000x\000c\000h\000a\000n\000g\000e}{chapter*.4}% 8
\BOOKMARK [1][-]{section*.9}{\376\377\000M\000i\000c\000r\000o\000b\000i\000a\000l}{chapter*.4}% 9
\BOOKMARK [1][-]{section*.10}{\376\377\000G\000r\000e\000e\000n\000h\000o\000u\000s\000e\000\040\000s\000e\000t\000u\000p\000s\000\040\000a\000n\000d\000\040\000t\000i\000p\000s}{chapter*.4}% 10
\BOOKMARK [1][-]{section*.11}{\376\377\000M\000a\000c\000h\000i\000n\000e\000\040\000i\000n\000f\000o}{chapter*.4}% 11
\BOOKMARK [1][-]{section*.12}{\376\377\000R\000o\000o\000t\000\040\000M\000o\000r\000p\000h\000o\000l\000o\000g\000y}{chapter*.4}% 12
\BOOKMARK [2][-]{section*.13}{\376\377\000I\000m\000a\000g\000e\000\040\000A\000c\000q\000u\000i\000s\000i\000t\000i\000o\000n}{section*.12}% 13
\BOOKMARK [2][-]{section*.19}{\376\377\000I\000m\000a\000g\000e\000\040\000p\000r\000o\000c\000e\000s\000s\000i\000n\000g}{section*.12}% 14
\BOOKMARK [2][-]{section*.20}{\376\377\000W\000i\000n\000R\000h\000i\000z\000o}{section*.12}% 15
\BOOKMARK [1][-]{section*.28}{\376\377\000R\000e\000s\000o\000u\000r\000c\000e\000s}{chapter*.4}% 16
\BOOKMARK [0][-]{chapter*.29}{\376\377\000L\000e\000a\000f\000\040\000t\000u\000r\000g\000o\000r\000\040\000l\000o\000s\000s\000\040\000p\000o\000i\000n\000t\000,\000\040\000\134\000p\000i\000\137\000\173\000t\000l\000p\000\175}{}% 17
\BOOKMARK [1][-]{section*.30}{\376\377\000M\000a\000t\000e\000r\000i\000a\000l\000s}{chapter*.29}% 18
\BOOKMARK [1][-]{section*.31}{\376\377\000M\000e\000t\000h\000o\000d\000s}{chapter*.29}% 19
\BOOKMARK [2][-]{section*.32}{\376\377\000I\000n\000s\000t\000a\000l\000l\000i\000n\000g\000\040\000V\000a\000p\000r\000o\000\040\000f\000o\000r\000\040\000m\000e\000a\000s\000u\000r\000e\000m\000e\000n\000t\000s}{section*.31}% 20
\BOOKMARK [2][-]{section*.33}{\376\377\000S\000a\000m\000p\000l\000i\000n\000g\000\040\000o\000n\000\040\000t\000h\000e\000\040\000f\000i\000e\000l\000d}{section*.31}% 21
\BOOKMARK [2][-]{section*.34}{\376\377\000L\000a\000b\000\040\000m\000e\000a\000s\000u\000r\000e\000m\000e\000n\000t\000s}{section*.31}% 22
\BOOKMARK [1][-]{section*.38}{\376\377\000R\000\040\000M\000a\000r\000k\000d\000o\000w\000n}{chapter*.29}% 23
\BOOKMARK [1][-]{section*.39}{\376\377\000I\000n\000c\000l\000u\000d\000i\000n\000g\000\040\000P\000l\000o\000t\000s}{chapter*.29}% 24
\BOOKMARK [1][-]{section*.40}{\376\377\000R\000\040\000M\000a\000r\000k\000d\000o\000w\000n}{chapter*.29}% 25
\BOOKMARK [1][-]{section*.41}{\376\377\000I\000n\000c\000l\000u\000d\000i\000n\000g\000\040\000P\000l\000o\000t\000s}{chapter*.29}% 26
\BOOKMARK [1][-]{section*.42}{\376\377\000R\000\040\000M\000a\000r\000k\000d\000o\000w\000n}{chapter*.29}% 27
\BOOKMARK [1][-]{section*.43}{\376\377\000I\000n\000c\000l\000u\000d\000i\000n\000g\000\040\000P\000l\000o\000t\000s}{chapter*.29}% 28
\BOOKMARK [1][-]{section*.44}{\376\377\000R\000\040\000M\000a\000r\000k\000d\000o\000w\000n}{chapter*.29}% 29
\BOOKMARK [1][-]{section*.45}{\376\377\000I\000n\000c\000l\000u\000d\000i\000n\000g\000\040\000P\000l\000o\000t\000s}{chapter*.29}% 30
\BOOKMARK [0][-]{chapter*.46}{\376\377\000V\000a\000p\000o\000r\000\040\000p\000r\000e\000s\000s\000u\000r\000e\000\040\000o\000s\000m\000o\000m\000e\000t\000e\000r\000\040\000-\000\040\000V\000a\000p\000r\000o\000\040\0005\0005\0002\0000\000\040\000c\000h\000e\000a\000t\000s\000h\000e\000e\000t}{}% 31
\BOOKMARK [0][-]{section*.47}{\376\377\000L\000i\000s\000t\000\040\000o\000f\000\040\000F\000i\000g\000u\000r\000e\000s}{}% 32
